{"/Users/venkat/proj/repos/alexpress/Gruntfile.coffee":{"path":"/Users/venkat/proj/repos/alexpress/Gruntfile.coffee","s":{"1":0,"2":0,"3":0,"4":0,"5":0,"6":0,"7":0},"b":{},"f":{"1":0},"fnMap":{"1":{"name":"module","line":1,"loc":{"start":{"line":1,"column":0},"end":{"line":1,"column":28}}}},"statementMap":{"1":{"start":{"line":1,"column":0},"end":{"line":29,"column":63}},"2":{"start":{"line":3,"column":2},"end":{"line":26,"column":1}},"3":{"start":{"line":26,"column":2},"end":{"line":29,"column":1}},"4":{"start":{"line":27,"column":4},"end":{"line":27,"column":34}},"5":{"start":{"line":27,"column":23},"end":{"line":27,"column":33}},"6":{"start":{"line":27,"column":32},"end":{"line":27,"column":32}},"7":{"start":{"line":29,"column":2},"end":{"line":29,"column":62}}},"branchMap":{}},"/Users/venkat/proj/repos/alexpress/index.coffee":{"path":"/Users/venkat/proj/repos/alexpress/index.coffee","s":{"1":1,"2":1,"3":29,"4":1,"5":1},"b":{},"f":{"1":29},"fnMap":{"1":{"name":"alexpress","line":3,"loc":{"start":{"line":3,"column":0},"end":{"line":3,"column":13}}}},"statementMap":{"1":{"start":{"line":1,"column":0},"end":{"line":1,"column":24}},"2":{"start":{"line":3,"column":0},"end":{"line":5,"column":0}},"3":{"start":{"line":4,"column":2},"end":{"line":4,"column":8}},"4":{"start":{"line":6,"column":0},"end":{"line":6,"column":18}},"5":{"start":{"line":8,"column":0},"end":{"line":8,"column":25}}},"branchMap":{}},"/Users/venkat/proj/repos/alexpress/lib/App.coffee":{"path":"/Users/venkat/proj/repos/alexpress/lib/App.coffee","s":{"1":1,"2":1,"3":1,"4":1,"5":1,"6":1,"7":0,"8":1,"9":49,"10":49,"11":49,"12":49,"13":49,"14":49,"15":49,"16":49,"17":0,"18":49,"19":49,"20":65,"21":11,"22":11,"23":0,"24":0,"25":30,"26":30,"27":30,"28":10,"29":30,"30":20,"31":0,"32":20,"33":20,"34":3,"35":20,"36":30,"37":19,"38":19,"39":30,"40":1,"41":1,"42":1,"43":1,"44":30,"45":19,"46":30,"47":30,"48":26,"49":26,"50":26,"51":26,"52":26,"53":26,"54":26,"55":34,"56":1,"57":1,"58":34,"59":1,"60":1,"61":34,"62":34,"63":4,"64":30,"65":30,"66":30,"67":0,"68":30,"69":30,"70":0,"71":30,"72":11,"73":11,"74":11,"75":11,"76":11,"77":30,"78":26,"79":26,"80":20,"81":0,"82":20,"83":25,"84":25,"85":23,"86":23,"87":23,"88":0,"89":23,"90":25,"91":25,"92":1,"93":30,"94":30,"95":30,"96":30,"97":30,"98":30,"99":2,"100":28,"101":28,"102":2,"103":2,"104":1},"b":{"1":[0,49],"2":[10,20],"3":[20,10],"4":[0,20],"5":[19,11],"6":[1,29],"7":[19,11],"8":[1,33],"9":[1,33],"10":[4,30],"11":[0,30],"12":[0,30],"13":[11,19],"14":[11,0],"15":[0,20],"16":[0,23],"17":[2,28],"18":[28,0]},"f":{"1":0,"2":1,"3":49,"4":1,"5":65,"6":11,"7":0,"8":30,"9":1,"10":26,"11":34,"12":20,"13":25,"14":23,"15":23,"16":30},"fnMap":{"1":{"name":"(anonymous_1)","line":7,"loc":{"start":{"line":7,"column":24},"end":{"line":7,"column":31}}},"2":{"name":"App","line":12,"loc":{"start":{"line":12,"column":6},"end":{"line":12,"column":8}}},"3":{"name":"constructor","line":25,"loc":{"start":{"line":25,"column":2},"end":{"line":25,"column":31}}},"4":{"name":"(anonymous_2)","line":26,"loc":{"start":{"line":26,"column":41},"end":{"line":26,"column":58}}},"5":{"name":"get","line":44,"loc":{"start":{"line":44,"column":2},"end":{"line":44,"column":17}}},"6":{"name":"set","line":50,"loc":{"start":{"line":50,"column":2},"end":{"line":50,"column":25}}},"7":{"name":"last","line":54,"loc":{"start":{"line":54,"column":2},"end":{"line":54,"column":17}}},"8":{"name":"use","line":70,"loc":{"start":{"line":70,"column":2},"end":{"line":70,"column":26}}},"9":{"name":"handle","line":94,"loc":{"start":{"line":94,"column":6},"end":{"line":94,"column":35}}},"10":{"name":"handle","line":113,"loc":{"start":{"line":113,"column":2},"end":{"line":113,"column":30}}},"11":{"name":"next","line":123,"loc":{"start":{"line":123,"column":4},"end":{"line":123,"column":20}}},"12":{"name":"lambda","line":175,"loc":{"start":{"line":175,"column":2},"end":{"line":175,"column":33}}},"13":{"name":"run","line":182,"loc":{"start":{"line":182,"column":2},"end":{"line":182,"column":21}}},"14":{"name":"out","line":185,"loc":{"start":{"line":185,"column":4},"end":{"line":185,"column":19}}},"15":{"name":"next","line":186,"loc":{"start":{"line":186,"column":6},"end":{"line":186,"column":19}}},"16":{"name":"call","line":197,"loc":{"start":{"line":197,"column":0},"end":{"line":197,"column":47}}}},"statementMap":{"1":{"start":{"line":1,"column":0},"end":{"line":1,"column":27}},"2":{"start":{"line":2,"column":0},"end":{"line":2,"column":28}},"3":{"start":{"line":3,"column":0},"end":{"line":3,"column":30}},"4":{"start":{"line":4,"column":0},"end":{"line":4,"column":55}},"5":{"start":{"line":5,"column":0},"end":{"line":5,"column":22}},"6":{"start":{"line":7,"column":0},"end":{"line":7,"column":80}},"7":{"start":{"line":7,"column":34},"end":{"line":7,"column":80}},"8":{"start":{"line":12,"column":0},"end":{"line":192,"column":0}},"9":{"start":{"line":26,"column":4},"end":{"line":26,"column":59}},"10":{"start":{"line":28,"column":4},"end":{"line":28,"column":21}},"11":{"start":{"line":29,"column":4},"end":{"line":29,"column":15}},"12":{"start":{"line":30,"column":4},"end":{"line":30,"column":14}},"13":{"start":{"line":31,"column":4},"end":{"line":35,"column":3}},"14":{"start":{"line":32,"column":19},"end":{"line":32,"column":41}},"15":{"start":{"line":32,"column":20},"end":{"line":32,"column":32}},"16":{"start":{"line":35,"column":4},"end":{"line":35,"column":51}},"17":{"start":{"line":35,"column":4},"end":{"line":35,"column":33}},"18":{"start":{"line":37,"column":4},"end":{"line":37,"column":37}},"19":{"start":{"line":38,"column":4},"end":{"line":38,"column":40}},"20":{"start":{"line":44,"column":20},"end":{"line":44,"column":28}},"21":{"start":{"line":51,"column":4},"end":{"line":51,"column":28}},"22":{"start":{"line":52,"column":4},"end":{"line":52,"column":4}},"23":{"start":{"line":55,"column":4},"end":{"line":55,"column":14}},"24":{"start":{"line":56,"column":4},"end":{"line":56,"column":4}},"25":{"start":{"line":71,"column":4},"end":{"line":71,"column":15}},"26":{"start":{"line":72,"column":4},"end":{"line":72,"column":14}},"27":{"start":{"line":74,"column":4},"end":{"line":74,"column":45}},"28":{"start":{"line":74,"column":4},"end":{"line":74,"column":23}},"29":{"start":{"line":76,"column":4},"end":{"line":85,"column":3}},"30":{"start":{"line":77,"column":6},"end":{"line":80,"column":20}},"31":{"start":{"line":78,"column":8},"end":{"line":78,"column":27}},"32":{"start":{"line":80,"column":8},"end":{"line":80,"column":20}},"33":{"start":{"line":81,"column":8},"end":{"line":81,"column":32}},"34":{"start":{"line":81,"column":8},"end":{"line":81,"column":16}},"35":{"start":{"line":82,"column":8},"end":{"line":82,"column":19}},"36":{"start":{"line":85,"column":4},"end":{"line":90,"column":3}},"37":{"start":{"line":86,"column":6},"end":{"line":86,"column":19}},"38":{"start":{"line":87,"column":6},"end":{"line":87,"column":15}},"39":{"start":{"line":90,"column":4},"end":{"line":98,"column":3}},"40":{"start":{"line":91,"column":6},"end":{"line":91,"column":20}},"41":{"start":{"line":92,"column":6},"end":{"line":92,"column":24}},"42":{"start":{"line":94,"column":6},"end":{"line":98,"column":3}},"43":{"start":{"line":95,"column":8},"end":{"line":95,"column":35}},"44":{"start":{"line":98,"column":4},"end":{"line":98,"column":63}},"45":{"start":{"line":98,"column":4},"end":{"line":98,"column":29}},"46":{"start":{"line":102,"column":4},"end":{"line":105,"column":3}},"47":{"start":{"line":105,"column":4},"end":{"line":105,"column":4}},"48":{"start":{"line":114,"column":4},"end":{"line":114,"column":12}},"49":{"start":{"line":115,"column":4},"end":{"line":115,"column":17}},"50":{"start":{"line":116,"column":4},"end":{"line":116,"column":15}},"51":{"start":{"line":117,"column":4},"end":{"line":117,"column":21}},"52":{"start":{"line":118,"column":4},"end":{"line":118,"column":17}},"53":{"start":{"line":121,"column":4},"end":{"line":121,"column":13}},"54":{"start":{"line":123,"column":4},"end":{"line":163,"column":3}},"55":{"start":{"line":124,"column":6},"end":{"line":128,"column":5}},"56":{"start":{"line":125,"column":8},"end":{"line":125,"column":36}},"57":{"start":{"line":126,"column":8},"end":{"line":126,"column":25}},"58":{"start":{"line":128,"column":6},"end":{"line":133,"column":5}},"59":{"start":{"line":129,"column":8},"end":{"line":129,"column":73}},"60":{"start":{"line":130,"column":8},"end":{"line":130,"column":19}},"61":{"start":{"line":133,"column":6},"end":{"line":133,"column":29}},"62":{"start":{"line":136,"column":6},"end":{"line":136,"column":53}},"63":{"start":{"line":136,"column":6},"end":{"line":136,"column":43}},"64":{"start":{"line":140,"column":6},"end":{"line":140,"column":26}},"65":{"start":{"line":141,"column":6},"end":{"line":141,"column":24}},"66":{"start":{"line":144,"column":6},"end":{"line":144,"column":94}},"67":{"start":{"line":144,"column":6},"end":{"line":144,"column":23}},"68":{"start":{"line":147,"column":6},"end":{"line":147,"column":29}},"69":{"start":{"line":148,"column":6},"end":{"line":148,"column":67}},"70":{"start":{"line":148,"column":6},"end":{"line":148,"column":23}},"71":{"start":{"line":151,"column":6},"end":{"line":161,"column":5}},"72":{"start":{"line":152,"column":8},"end":{"line":152,"column":22}},"73":{"start":{"line":153,"column":8},"end":{"line":153,"column":80}},"74":{"start":{"line":156,"column":8},"end":{"line":161,"column":5}},"75":{"start":{"line":157,"column":10},"end":{"line":157,"column":32}},"76":{"start":{"line":158,"column":10},"end":{"line":158,"column":26}},"77":{"start":{"line":161,"column":6},"end":{"line":161,"column":50}},"78":{"start":{"line":163,"column":4},"end":{"line":163,"column":47}},"79":{"start":{"line":164,"column":4},"end":{"line":164,"column":9}},"80":{"start":{"line":176,"column":4},"end":{"line":176,"column":54}},"81":{"start":{"line":176,"column":4},"end":{"line":176,"column":30}},"82":{"start":{"line":177,"column":4},"end":{"line":177,"column":15}},"83":{"start":{"line":183,"column":4},"end":{"line":183,"column":67}},"84":{"start":{"line":185,"column":4},"end":{"line":190,"column":3}},"85":{"start":{"line":186,"column":6},"end":{"line":186,"column":42}},"86":{"start":{"line":186,"column":22},"end":{"line":186,"column":42}},"87":{"start":{"line":187,"column":6},"end":{"line":187,"column":50}},"88":{"start":{"line":187,"column":6},"end":{"line":187,"column":40}},"89":{"start":{"line":188,"column":6},"end":{"line":188,"column":13}},"90":{"start":{"line":190,"column":4},"end":{"line":190,"column":38}},"91":{"start":{"line":191,"column":4},"end":{"line":191,"column":26}},"92":{"start":{"line":197,"column":0},"end":{"line":215,"column":0}},"93":{"start":{"line":198,"column":2},"end":{"line":198,"column":22}},"94":{"start":{"line":199,"column":2},"end":{"line":199,"column":12}},"95":{"start":{"line":200,"column":2},"end":{"line":200,"column":26}},"96":{"start":{"line":202,"column":2},"end":{"line":202,"column":16}},"97":{"start":{"line":203,"column":2},"end":{"line":214,"column":1}},"98":{"start":{"line":205,"column":4},"end":{"line":205,"column":63}},"99":{"start":{"line":205,"column":4},"end":{"line":205,"column":36}},"100":{"start":{"line":208,"column":4},"end":{"line":208,"column":58}},"101":{"start":{"line":208,"column":4},"end":{"line":208,"column":31}},"102":{"start":{"line":211,"column":4},"end":{"line":211,"column":12}},"103":{"start":{"line":214,"column":2},"end":{"line":214,"column":11}},"104":{"start":{"line":216,"column":0},"end":{"line":216,"column":19}}},"branchMap":{"1":{"line":35,"type":"if","locations":[{"start":{"line":35,"column":4},"end":{"line":35,"column":4}},{"start":{"line":35,"column":4},"end":{"line":35,"column":4}}]},"2":{"line":74,"type":"if","locations":[{"start":{"line":74,"column":4},"end":{"line":74,"column":4}},{"start":{"line":74,"column":4},"end":{"line":74,"column":4}}]},"3":{"line":76,"type":"if","locations":[{"start":{"line":76,"column":4},"end":{"line":76,"column":4}},{"start":{"line":76,"column":4},"end":{"line":76,"column":4}}]},"4":{"line":77,"type":"if","locations":[{"start":{"line":77,"column":6},"end":{"line":77,"column":6}},{"start":{"line":77,"column":6},"end":{"line":77,"column":6}}]},"5":{"line":85,"type":"if","locations":[{"start":{"line":85,"column":4},"end":{"line":85,"column":4}},{"start":{"line":85,"column":4},"end":{"line":85,"column":4}}]},"6":{"line":90,"type":"if","locations":[{"start":{"line":90,"column":4},"end":{"line":90,"column":4}},{"start":{"line":90,"column":4},"end":{"line":90,"column":4}}]},"7":{"line":98,"type":"if","locations":[{"start":{"line":98,"column":4},"end":{"line":98,"column":4}},{"start":{"line":98,"column":4},"end":{"line":98,"column":4}}]},"8":{"line":124,"type":"if","locations":[{"start":{"line":124,"column":6},"end":{"line":124,"column":6}},{"start":{"line":124,"column":6},"end":{"line":124,"column":6}}]},"9":{"line":128,"type":"if","locations":[{"start":{"line":128,"column":6},"end":{"line":128,"column":6}},{"start":{"line":128,"column":6},"end":{"line":128,"column":6}}]},"10":{"line":136,"type":"if","locations":[{"start":{"line":136,"column":6},"end":{"line":136,"column":6}},{"start":{"line":136,"column":6},"end":{"line":136,"column":6}}]},"11":{"line":144,"type":"if","locations":[{"start":{"line":144,"column":6},"end":{"line":144,"column":6}},{"start":{"line":144,"column":6},"end":{"line":144,"column":6}}]},"12":{"line":148,"type":"if","locations":[{"start":{"line":148,"column":6},"end":{"line":148,"column":6}},{"start":{"line":148,"column":6},"end":{"line":148,"column":6}}]},"13":{"line":151,"type":"if","locations":[{"start":{"line":151,"column":6},"end":{"line":151,"column":6}},{"start":{"line":151,"column":6},"end":{"line":151,"column":6}}]},"14":{"line":156,"type":"if","locations":[{"start":{"line":156,"column":8},"end":{"line":156,"column":8}},{"start":{"line":156,"column":8},"end":{"line":156,"column":8}}]},"15":{"line":176,"type":"if","locations":[{"start":{"line":176,"column":4},"end":{"line":176,"column":4}},{"start":{"line":176,"column":4},"end":{"line":176,"column":4}}]},"16":{"line":187,"type":"if","locations":[{"start":{"line":187,"column":6},"end":{"line":187,"column":6}},{"start":{"line":187,"column":6},"end":{"line":187,"column":6}}]},"17":{"line":205,"type":"if","locations":[{"start":{"line":205,"column":4},"end":{"line":205,"column":4}},{"start":{"line":205,"column":4},"end":{"line":205,"column":4}}]},"18":{"line":208,"type":"if","locations":[{"start":{"line":208,"column":4},"end":{"line":208,"column":4}},{"start":{"line":208,"column":4},"end":{"line":208,"column":4}}]}}},"/Users/venkat/proj/repos/alexpress/lib/card/Card.coffee":{"path":"/Users/venkat/proj/repos/alexpress/lib/card/Card.coffee","s":{"1":1,"2":1,"3":3},"b":{},"f":{"1":1,"2":3},"fnMap":{"1":{"name":"Card","line":3,"loc":{"start":{"line":3,"column":23},"end":{"line":3,"column":26}}},"2":{"name":"this","line":5,"loc":{"start":{"line":5,"column":2},"end":{"line":5,"column":20}}}},"statementMap":{"1":{"start":{"line":1,"column":0},"end":{"line":1,"column":40}},"2":{"start":{"line":3,"column":0},"end":{"line":5,"column":43}},"3":{"start":{"line":5,"column":23},"end":{"line":5,"column":42}}},"branchMap":{}},"/Users/venkat/proj/repos/alexpress/lib/card/LinkAccount.coffee":{"path":"/Users/venkat/proj/repos/alexpress/lib/card/LinkAccount.coffee","s":{"1":1,"2":1},"b":{},"f":{"1":1,"2":1},"fnMap":{"1":{"name":"LinkAccount","line":2,"loc":{"start":{"line":2,"column":23},"end":{"line":2,"column":33}}},"2":{"name":"init","line":4,"loc":{"start":{"line":4,"column":2},"end":{"line":4,"column":10}}}},"statementMap":{"1":{"start":{"line":1,"column":0},"end":{"line":1,"column":22}},"2":{"start":{"line":2,"column":0},"end":{"line":5,"column":23}}},"branchMap":{}},"/Users/venkat/proj/repos/alexpress/lib/card/Simple.coffee":{"path":"/Users/venkat/proj/repos/alexpress/lib/card/Simple.coffee","s":{"1":1,"2":1,"3":1},"b":{},"f":{"1":1,"2":1},"fnMap":{"1":{"name":"Simple","line":2,"loc":{"start":{"line":2,"column":23},"end":{"line":2,"column":28}}},"2":{"name":"init","line":4,"loc":{"start":{"line":4,"column":2},"end":{"line":4,"column":10}}}},"statementMap":{"1":{"start":{"line":1,"column":0},"end":{"line":1,"column":22}},"2":{"start":{"line":2,"column":0},"end":{"line":7,"column":25}},"3":{"start":{"line":5,"column":4},"end":{"line":7,"column":25}}},"branchMap":{}},"/Users/venkat/proj/repos/alexpress/lib/card/Standard.coffee":{"path":"/Users/venkat/proj/repos/alexpress/lib/card/Standard.coffee","s":{"1":1,"2":1,"3":1,"4":1,"5":2,"6":2,"7":2,"8":2,"9":2,"10":2,"11":0,"12":2,"13":1,"14":2,"15":2},"b":{"1":[0,2],"2":[1,1]},"f":{"1":1,"2":1,"3":2,"4":2},"fnMap":{"1":{"name":"Standard","line":2,"loc":{"start":{"line":2,"column":23},"end":{"line":2,"column":30}}},"2":{"name":"init","line":4,"loc":{"start":{"line":4,"column":2},"end":{"line":4,"column":10}}},"3":{"name":"(anonymous_1)","line":10,"loc":{"start":{"line":10,"column":9},"end":{"line":10,"column":19}}},"4":{"name":"this","line":12,"loc":{"start":{"line":12,"column":8},"end":{"line":12,"column":30}}}},"statementMap":{"1":{"start":{"line":1,"column":0},"end":{"line":1,"column":22}},"2":{"start":{"line":2,"column":0},"end":{"line":16,"column":11}},"3":{"start":{"line":5,"column":4},"end":{"line":9,"column":3}},"4":{"start":{"line":9,"column":4},"end":{"line":16,"column":11}},"5":{"start":{"line":10,"column":6},"end":{"line":16,"column":11}},"6":{"start":{"line":11,"column":8},"end":{"line":11,"column":30}},"7":{"start":{"line":11,"column":16},"end":{"line":11,"column":30}},"8":{"start":{"line":11,"column":17},"end":{"line":11,"column":20}},"9":{"start":{"line":12,"column":8},"end":{"line":16,"column":11}},"10":{"start":{"line":13,"column":10},"end":{"line":13,"column":53}},"11":{"start":{"line":13,"column":10},"end":{"line":13,"column":28}},"12":{"start":{"line":14,"column":10},"end":{"line":14,"column":45}},"13":{"start":{"line":14,"column":10},"end":{"line":14,"column":25}},"14":{"start":{"line":15,"column":10},"end":{"line":15,"column":35}},"15":{"start":{"line":16,"column":10},"end":{"line":16,"column":10}}},"branchMap":{"1":{"line":13,"type":"if","locations":[{"start":{"line":13,"column":10},"end":{"line":13,"column":10}},{"start":{"line":13,"column":10},"end":{"line":13,"column":10}}]},"2":{"line":14,"type":"if","locations":[{"start":{"line":14,"column":10},"end":{"line":14,"column":10}},{"start":{"line":14,"column":10},"end":{"line":14,"column":10}}]}}},"/Users/venkat/proj/repos/alexpress/lib/card/index.coffee":{"path":"/Users/venkat/proj/repos/alexpress/lib/card/index.coffee","s":{"1":1},"b":{},"f":{},"fnMap":{},"statementMap":{"1":{"start":{"line":1,"column":0},"end":{"line":1,"column":32}}},"branchMap":{}},"/Users/venkat/proj/repos/alexpress/lib/outputSpeech/OutputSpeech.coffee":{"path":"/Users/venkat/proj/repos/alexpress/lib/outputSpeech/OutputSpeech.coffee","s":{"1":1,"2":1,"3":33,"4":33,"5":19,"6":33},"b":{"1":[19,14]},"f":{"1":1,"2":33,"3":33},"fnMap":{"1":{"name":"OutputSpeech","line":3,"loc":{"start":{"line":3,"column":23},"end":{"line":3,"column":34}}},"2":{"name":"constructor","line":5,"loc":{"start":{"line":5,"column":2},"end":{"line":5,"column":30}}},"3":{"name":"this","line":9,"loc":{"start":{"line":9,"column":2},"end":{"line":9,"column":20}}}},"statementMap":{"1":{"start":{"line":1,"column":0},"end":{"line":1,"column":40}},"2":{"start":{"line":3,"column":0},"end":{"line":9,"column":43}},"3":{"start":{"line":6,"column":4},"end":{"line":6,"column":13}},"4":{"start":{"line":7,"column":4},"end":{"line":7,"column":35}},"5":{"start":{"line":7,"column":4},"end":{"line":7,"column":20}},"6":{"start":{"line":9,"column":23},"end":{"line":9,"column":42}}},"branchMap":{"1":{"line":7,"type":"if","locations":[{"start":{"line":7,"column":4},"end":{"line":7,"column":4}},{"start":{"line":7,"column":4},"end":{"line":7,"column":4}}]}}},"/Users/venkat/proj/repos/alexpress/lib/outputSpeech/PlainText.coffee":{"path":"/Users/venkat/proj/repos/alexpress/lib/outputSpeech/PlainText.coffee","s":{"1":1,"2":1,"3":1,"4":30,"5":26},"b":{},"f":{"1":1,"2":30,"3":26},"fnMap":{"1":{"name":"PlainText","line":4,"loc":{"start":{"line":4,"column":23},"end":{"line":4,"column":31}}},"2":{"name":"init","line":6,"loc":{"start":{"line":6,"column":2},"end":{"line":6,"column":10}}},"3":{"name":"isValid","line":8,"loc":{"start":{"line":8,"column":2},"end":{"line":8,"column":13}}}},"statementMap":{"1":{"start":{"line":1,"column":0},"end":{"line":1,"column":38}},"2":{"start":{"line":2,"column":0},"end":{"line":2,"column":51}},"3":{"start":{"line":4,"column":0},"end":{"line":8,"column":37}},"4":{"start":{"line":6,"column":12},"end":{"line":6,"column":35}},"5":{"start":{"line":8,"column":15},"end":{"line":8,"column":36}}},"branchMap":{}},"/Users/venkat/proj/repos/alexpress/lib/outputSpeech/SSML.coffee":{"path":"/Users/venkat/proj/repos/alexpress/lib/outputSpeech/SSML.coffee","s":{"1":1,"2":1,"3":3},"b":{},"f":{"1":1,"2":3},"fnMap":{"1":{"name":"SSML","line":3,"loc":{"start":{"line":3,"column":23},"end":{"line":3,"column":26}}},"2":{"name":"init","line":5,"loc":{"start":{"line":5,"column":2},"end":{"line":5,"column":10}}}},"statementMap":{"1":{"start":{"line":1,"column":0},"end":{"line":1,"column":38}},"2":{"start":{"line":3,"column":0},"end":{"line":6,"column":28}},"3":{"start":{"line":6,"column":4},"end":{"line":6,"column":27}}},"branchMap":{}},"/Users/venkat/proj/repos/alexpress/lib/outputSpeech/index.coffee":{"path":"/Users/venkat/proj/repos/alexpress/lib/outputSpeech/index.coffee","s":{"1":1},"b":{},"f":{},"fnMap":{},"statementMap":{"1":{"start":{"line":1,"column":0},"end":{"line":1,"column":40}}},"branchMap":{}},"/Users/venkat/proj/repos/alexpress/lib/request/IntentRequest.coffee":{"path":"/Users/venkat/proj/repos/alexpress/lib/request/IntentRequest.coffee","s":{"1":1,"2":1,"3":1,"4":21,"5":21,"6":21,"7":21,"8":21},"b":{},"f":{"1":1,"2":21},"fnMap":{"1":{"name":"IntentRequest","line":4,"loc":{"start":{"line":4,"column":23},"end":{"line":4,"column":35}}},"2":{"name":"init","line":6,"loc":{"start":{"line":6,"column":2},"end":{"line":6,"column":10}}}},"statementMap":{"1":{"start":{"line":1,"column":0},"end":{"line":1,"column":28}},"2":{"start":{"line":2,"column":0},"end":{"line":2,"column":27}},"3":{"start":{"line":4,"column":0},"end":{"line":9,"column":29}},"4":{"start":{"line":7,"column":4},"end":{"line":7,"column":60}},"5":{"start":{"line":8,"column":4},"end":{"line":8,"column":45}},"6":{"start":{"line":9,"column":4},"end":{"line":9,"column":28}},"7":{"start":{"line":9,"column":11},"end":{"line":9,"column":27}},"8":{"start":{"line":9,"column":22},"end":{"line":9,"column":26}}},"branchMap":{}},"/Users/venkat/proj/repos/alexpress/lib/request/LaunchRequest.coffee":{"path":"/Users/venkat/proj/repos/alexpress/lib/request/LaunchRequest.coffee","s":{"1":1,"2":1,"3":3},"b":{},"f":{"1":1,"2":3},"fnMap":{"1":{"name":"LaunchRequest","line":3,"loc":{"start":{"line":3,"column":23},"end":{"line":3,"column":35}}},"2":{"name":"init","line":5,"loc":{"start":{"line":5,"column":2},"end":{"line":5,"column":9}}}},"statementMap":{"1":{"start":{"line":1,"column":0},"end":{"line":1,"column":28}},"2":{"start":{"line":3,"column":0},"end":{"line":5,"column":27}},"3":{"start":{"line":5,"column":11},"end":{"line":5,"column":26}}},"branchMap":{}},"/Users/venkat/proj/repos/alexpress/lib/request/Request.coffee":{"path":"/Users/venkat/proj/repos/alexpress/lib/request/Request.coffee","s":{"1":1,"2":1,"3":25,"4":25,"5":25,"6":25,"7":25,"8":25,"9":25,"10":25,"11":25,"12":25,"13":25,"14":0,"15":1,"16":2,"17":2,"18":0,"19":25},"b":{"1":[2,0]},"f":{"1":1,"2":25,"3":0,"4":0,"5":1,"6":2,"7":25},"fnMap":{"1":{"name":"Request","line":3,"loc":{"start":{"line":3,"column":23},"end":{"line":3,"column":29}}},"2":{"name":"constructor","line":5,"loc":{"start":{"line":5,"column":2},"end":{"line":5,"column":39}}},"3":{"name":"init","line":19,"loc":{"start":{"line":19,"column":2},"end":{"line":19,"column":10}}},"4":{"name":"slots","line":21,"loc":{"start":{"line":21,"column":2},"end":{"line":21,"column":11}}},"5":{"name":"slot","line":23,"loc":{"start":{"line":23,"column":2},"end":{"line":23,"column":18}}},"6":{"name":"session","line":25,"loc":{"start":{"line":25,"column":2},"end":{"line":25,"column":21}}},"7":{"name":"this","line":27,"loc":{"start":{"line":27,"column":2},"end":{"line":27,"column":20}}}},"statementMap":{"1":{"start":{"line":1,"column":0},"end":{"line":1,"column":40}},"2":{"start":{"line":3,"column":0},"end":{"line":27,"column":43}},"3":{"start":{"line":6,"column":4},"end":{"line":6,"column":43}},"4":{"start":{"line":7,"column":4},"end":{"line":7,"column":43}},"5":{"start":{"line":8,"column":4},"end":{"line":8,"column":31}},"6":{"start":{"line":9,"column":4},"end":{"line":9,"column":31}},"7":{"start":{"line":10,"column":4},"end":{"line":10,"column":43}},"8":{"start":{"line":11,"column":4},"end":{"line":11,"column":63}},"9":{"start":{"line":12,"column":4},"end":{"line":12,"column":42}},"10":{"start":{"line":13,"column":4},"end":{"line":13,"column":56}},"11":{"start":{"line":14,"column":4},"end":{"line":14,"column":58}},"12":{"start":{"line":15,"column":4},"end":{"line":15,"column":50}},"13":{"start":{"line":17,"column":4},"end":{"line":17,"column":10}},"14":{"start":{"line":21,"column":13},"end":{"line":21,"column":19}},"15":{"start":{"line":23,"column":21},"end":{"line":23,"column":27}},"16":{"start":{"line":25,"column":24},"end":{"line":25,"column":87}},"17":{"start":{"line":25,"column":38},"end":{"line":25,"column":55}},"18":{"start":{"line":25,"column":70},"end":{"line":25,"column":87}},"19":{"start":{"line":27,"column":23},"end":{"line":27,"column":42}}},"branchMap":{"1":{"line":25,"type":"if","locations":[{"start":{"line":25,"column":24},"end":{"line":25,"column":24}},{"start":{"line":25,"column":24},"end":{"line":25,"column":24}}]}}},"/Users/venkat/proj/repos/alexpress/lib/request/SessionEndedRequest.coffee":{"path":"/Users/venkat/proj/repos/alexpress/lib/request/SessionEndedRequest.coffee","s":{"1":1,"2":1,"3":1,"4":1},"b":{},"f":{"1":1,"2":1},"fnMap":{"1":{"name":"SessionEndedRequest","line":3,"loc":{"start":{"line":3,"column":23},"end":{"line":3,"column":41}}},"2":{"name":"init","line":5,"loc":{"start":{"line":5,"column":2},"end":{"line":5,"column":10}}}},"statementMap":{"1":{"start":{"line":1,"column":0},"end":{"line":1,"column":28}},"2":{"start":{"line":3,"column":0},"end":{"line":7,"column":26}},"3":{"start":{"line":6,"column":4},"end":{"line":6,"column":37}},"4":{"start":{"line":7,"column":4},"end":{"line":7,"column":25}}},"branchMap":{}},"/Users/venkat/proj/repos/alexpress/lib/request/index.coffee":{"path":"/Users/venkat/proj/repos/alexpress/lib/request/index.coffee","s":{"1":1,"2":1,"3":25,"4":1,"5":1},"b":{},"f":{"1":25},"fnMap":{"1":{"name":"request","line":3,"loc":{"start":{"line":3,"column":0},"end":{"line":3,"column":20}}}},"statementMap":{"1":{"start":{"line":1,"column":0},"end":{"line":1,"column":28}},"2":{"start":{"line":3,"column":0},"end":{"line":5,"column":0}},"3":{"start":{"line":4,"column":2},"end":{"line":4,"column":20}},"4":{"start":{"line":6,"column":0},"end":{"line":6,"column":24}},"5":{"start":{"line":8,"column":0},"end":{"line":8,"column":23}}},"branchMap":{}},"/Users/venkat/proj/repos/alexpress/lib/response/Response.coffee":{"path":"/Users/venkat/proj/repos/alexpress/lib/response/Response.coffee","s":{"1":1,"2":1,"3":1,"4":1,"5":1,"6":1,"7":1,"8":1,"9":1,"10":25,"11":25,"12":25,"13":25,"14":50,"15":0,"16":0,"17":0,"18":25,"19":25,"20":25,"21":25,"22":25,"23":25,"24":25,"25":25,"26":25,"27":13,"28":33,"29":0,"30":0,"31":0,"32":0,"33":2,"34":2,"35":2,"36":2,"37":0,"38":0,"39":0,"40":0,"41":0,"42":0,"43":0,"44":1,"45":1,"46":1,"47":0,"48":0,"49":0,"50":0,"51":0,"52":0,"53":0,"54":0,"55":0,"56":0,"57":0,"58":0,"59":6,"60":1,"61":2,"62":1,"63":0,"64":0,"65":0,"66":0,"67":0,"68":20,"69":2,"70":20,"71":17,"72":20,"73":5,"74":5,"75":5,"76":5,"77":0,"78":5,"79":4,"80":20,"81":20,"82":27,"83":27,"84":27,"85":17,"86":27,"87":2,"88":2,"89":27,"90":3,"91":27,"92":5,"93":5,"94":5,"95":5,"96":1,"97":1},"b":{"1":[0,0],"2":[2,0],"3":[0,0],"4":[0,0],"5":[0,0],"6":[0,0],"7":[2,18],"8":[17,3],"9":[5,0],"10":[0,5],"11":[17,10],"12":[2,25],"13":[3,24]},"f":{"1":1,"2":25,"3":13,"4":33,"5":0,"6":2,"7":1,"8":1,"9":1,"10":0,"11":0,"12":0,"13":0,"14":6,"15":1,"16":2,"17":1,"18":0,"19":0,"20":0,"21":0,"22":20,"23":5,"24":4,"25":20,"26":20,"27":27,"28":5,"29":1},"fnMap":{"1":{"name":"Response","line":10,"loc":{"start":{"line":10,"column":23},"end":{"line":10,"column":30}}},"2":{"name":"constructor","line":12,"loc":{"start":{"line":12,"column":2},"end":{"line":12,"column":31}}},"3":{"name":"getter","line":38,"loc":{"start":{"line":38,"column":6},"end":{"line":38,"column":16}}},"4":{"name":"setter","line":39,"loc":{"start":{"line":39,"column":6},"end":{"line":39,"column":21}}},"5":{"name":"local","line":41,"loc":{"start":{"line":41,"column":2},"end":{"line":41,"column":27}}},"6":{"name":"session","line":46,"loc":{"start":{"line":46,"column":2},"end":{"line":46,"column":29}}},"7":{"name":"simpleCard","line":57,"loc":{"start":{"line":57,"column":2},"end":{"line":57,"column":35}}},"8":{"name":"standardCard","line":63,"loc":{"start":{"line":63,"column":2},"end":{"line":63,"column":64}}},"9":{"name":"linkAccountCard","line":71,"loc":{"start":{"line":71,"column":2},"end":{"line":71,"column":21}}},"10":{"name":"renderSimpleCard","line":75,"loc":{"start":{"line":75,"column":2},"end":{"line":75,"column":49}}},"11":{"name":"(anonymous_1)","line":77,"loc":{"start":{"line":77,"column":10},"end":{"line":77,"column":17}}},"12":{"name":"renderStandardCard","line":81,"loc":{"start":{"line":81,"column":2},"end":{"line":81,"column":78}}},"13":{"name":"(anonymous_2)","line":90,"loc":{"start":{"line":90,"column":10},"end":{"line":90,"column":17}}},"14":{"name":"ask","line":94,"loc":{"start":{"line":94,"column":2},"end":{"line":94,"column":27}}},"15":{"name":"renderAsk","line":96,"loc":{"start":{"line":96,"column":2},"end":{"line":96,"column":41}}},"16":{"name":"tell","line":98,"loc":{"start":{"line":98,"column":2},"end":{"line":98,"column":28}}},"17":{"name":"renderTell","line":100,"loc":{"start":{"line":100,"column":2},"end":{"line":100,"column":42}}},"18":{"name":"ssml","line":102,"loc":{"start":{"line":102,"column":2},"end":{"line":102,"column":28}}},"19":{"name":"plainText","line":104,"loc":{"start":{"line":104,"column":2},"end":{"line":104,"column":33}}},"20":{"name":"renderReprompt","line":106,"loc":{"start":{"line":106,"column":2},"end":{"line":106,"column":43}}},"21":{"name":"(anonymous_3)","line":108,"loc":{"start":{"line":108,"column":10},"end":{"line":108,"column":22}}},"22":{"name":"send","line":112,"loc":{"start":{"line":112,"column":2},"end":{"line":112,"column":29}}},"23":{"name":"render","line":117,"loc":{"start":{"line":117,"column":2},"end":{"line":117,"column":47}}},"24":{"name":"(anonymous_4)","line":125,"loc":{"start":{"line":125,"column":10},"end":{"line":125,"column":22}}},"25":{"name":"end","line":129,"loc":{"start":{"line":129,"column":2},"end":{"line":129,"column":9}}},"26":{"name":"(anonymous_5)","line":132,"loc":{"start":{"line":132,"column":16},"end":{"line":132,"column":25}}},"27":{"name":"toObject","line":136,"loc":{"start":{"line":136,"column":2},"end":{"line":136,"column":14}}},"28":{"name":"doRender","line":149,"loc":{"start":{"line":149,"column":2},"end":{"line":149,"column":35}}},"29":{"name":"(anonymous_6)","line":154,"loc":{"start":{"line":154,"column":11},"end":{"line":154,"column":20}}}},"statementMap":{"1":{"start":{"line":1,"column":0},"end":{"line":1,"column":27}},"2":{"start":{"line":2,"column":0},"end":{"line":2,"column":45}},"3":{"start":{"line":3,"column":0},"end":{"line":3,"column":29}},"4":{"start":{"line":4,"column":0},"end":{"line":4,"column":36}},"5":{"start":{"line":5,"column":0},"end":{"line":5,"column":22}},"6":{"start":{"line":6,"column":0},"end":{"line":6,"column":46}},"7":{"start":{"line":7,"column":0},"end":{"line":7,"column":28}},"8":{"start":{"line":8,"column":0},"end":{"line":8,"column":40}},"9":{"start":{"line":10,"column":0},"end":{"line":156,"column":24}},"10":{"start":{"line":13,"column":4},"end":{"line":13,"column":15}},"11":{"start":{"line":14,"column":4},"end":{"line":14,"column":14}},"12":{"start":{"line":16,"column":4},"end":{"line":21,"column":3}},"13":{"start":{"line":21,"column":4},"end":{"line":24,"column":3}},"14":{"start":{"line":22,"column":6},"end":{"line":22,"column":67}},"15":{"start":{"line":22,"column":45},"end":{"line":22,"column":66}},"16":{"start":{"line":22,"column":45},"end":{"line":22,"column":65}},"17":{"start":{"line":22,"column":64},"end":{"line":22,"column":64}},"18":{"start":{"line":24,"column":4},"end":{"line":24,"column":18}},"19":{"start":{"line":26,"column":4},"end":{"line":26,"column":29}},"20":{"start":{"line":28,"column":4},"end":{"line":28,"column":44}},"21":{"start":{"line":29,"column":4},"end":{"line":29,"column":52}},"22":{"start":{"line":30,"column":4},"end":{"line":30,"column":69}},"23":{"start":{"line":31,"column":4},"end":{"line":31,"column":24}},"24":{"start":{"line":32,"column":4},"end":{"line":32,"column":26}},"25":{"start":{"line":33,"column":4},"end":{"line":33,"column":28}},"26":{"start":{"line":35,"column":4},"end":{"line":41,"column":1}},"27":{"start":{"line":38,"column":18},"end":{"line":38,"column":49}},"28":{"start":{"line":39,"column":24},"end":{"line":39,"column":59}},"29":{"start":{"line":42,"column":4},"end":{"line":42,"column":49}},"30":{"start":{"line":42,"column":4},"end":{"line":42,"column":25}},"31":{"start":{"line":43,"column":4},"end":{"line":43,"column":26}},"32":{"start":{"line":44,"column":4},"end":{"line":44,"column":4}},"33":{"start":{"line":47,"column":4},"end":{"line":47,"column":31}},"34":{"start":{"line":48,"column":4},"end":{"line":52,"column":3}},"35":{"start":{"line":49,"column":6},"end":{"line":49,"column":23}},"36":{"start":{"line":50,"column":6},"end":{"line":50,"column":13}},"37":{"start":{"line":52,"column":4},"end":{"line":52,"column":18}},"38":{"start":{"line":53,"column":4},"end":{"line":53,"column":32}},"39":{"start":{"line":53,"column":4},"end":{"line":53,"column":12}},"40":{"start":{"line":54,"column":4},"end":{"line":54,"column":58}},"41":{"start":{"line":54,"column":4},"end":{"line":54,"column":41}},"42":{"start":{"line":54,"column":4},"end":{"line":54,"column":21}},"43":{"start":{"line":55,"column":4},"end":{"line":55,"column":5}},"44":{"start":{"line":58,"column":4},"end":{"line":61,"column":4}},"45":{"start":{"line":64,"column":4},"end":{"line":69,"column":4}},"46":{"start":{"line":72,"column":4},"end":{"line":73,"column":19}},"47":{"start":{"line":76,"column":4},"end":{"line":78,"column":32}},"48":{"start":{"line":78,"column":6},"end":{"line":78,"column":30}},"49":{"start":{"line":79,"column":4},"end":{"line":79,"column":4}},"50":{"start":{"line":82,"column":4},"end":{"line":85,"column":3}},"51":{"start":{"line":83,"column":6},"end":{"line":83,"column":27}},"52":{"start":{"line":84,"column":6},"end":{"line":84,"column":46}},"53":{"start":{"line":85,"column":4},"end":{"line":89,"column":3}},"54":{"start":{"line":86,"column":6},"end":{"line":86,"column":27}},"55":{"start":{"line":87,"column":6},"end":{"line":87,"column":30}},"56":{"start":{"line":89,"column":4},"end":{"line":91,"column":64}},"57":{"start":{"line":91,"column":6},"end":{"line":91,"column":62}},"58":{"start":{"line":92,"column":4},"end":{"line":92,"column":4}},"59":{"start":{"line":94,"column":30},"end":{"line":94,"column":67}},"60":{"start":{"line":96,"column":44},"end":{"line":96,"column":91}},"61":{"start":{"line":98,"column":31},"end":{"line":98,"column":69}},"62":{"start":{"line":100,"column":45},"end":{"line":100,"column":93}},"63":{"start":{"line":102,"column":31},"end":{"line":102,"column":67}},"64":{"start":{"line":104,"column":36},"end":{"line":104,"column":77}},"65":{"start":{"line":107,"column":4},"end":{"line":109,"column":43}},"66":{"start":{"line":109,"column":6},"end":{"line":109,"column":41}},"67":{"start":{"line":110,"column":4},"end":{"line":110,"column":4}},"68":{"start":{"line":113,"column":4},"end":{"line":113,"column":30}},"69":{"start":{"line":113,"column":4},"end":{"line":113,"column":19}},"70":{"start":{"line":114,"column":4},"end":{"line":114,"column":28}},"71":{"start":{"line":114,"column":4},"end":{"line":114,"column":17}},"72":{"start":{"line":115,"column":4},"end":{"line":115,"column":9}},"73":{"start":{"line":118,"column":4},"end":{"line":122,"column":3}},"74":{"start":{"line":119,"column":6},"end":{"line":119,"column":24}},"75":{"start":{"line":120,"column":6},"end":{"line":120,"column":27}},"76":{"start":{"line":122,"column":4},"end":{"line":122,"column":52}},"77":{"start":{"line":122,"column":4},"end":{"line":122,"column":37}},"78":{"start":{"line":124,"column":4},"end":{"line":129,"column":1}},"79":{"start":{"line":126,"column":6},"end":{"line":127,"column":22}},"80":{"start":{"line":130,"column":4},"end":{"line":136,"column":1}},"81":{"start":{"line":133,"column":6},"end":{"line":133,"column":13}},"82":{"start":{"line":137,"column":4},"end":{"line":137,"column":25}},"83":{"start":{"line":138,"column":4},"end":{"line":138,"column":63}},"84":{"start":{"line":139,"column":4},"end":{"line":139,"column":68}},"85":{"start":{"line":139,"column":4},"end":{"line":139,"column":52}},"86":{"start":{"line":141,"column":4},"end":{"line":145,"column":3}},"87":{"start":{"line":142,"column":6},"end":{"line":142,"column":76}},"88":{"start":{"line":143,"column":6},"end":{"line":143,"column":74}},"89":{"start":{"line":145,"column":4},"end":{"line":145,"column":61}},"90":{"start":{"line":145,"column":4},"end":{"line":145,"column":49}},"91":{"start":{"line":147,"column":4},"end":{"line":147,"column":7}},"92":{"start":{"line":150,"column":4},"end":{"line":150,"column":46}},"93":{"start":{"line":151,"column":4},"end":{"line":151,"column":25}},"94":{"start":{"line":152,"column":4},"end":{"line":152,"column":24}},"95":{"start":{"line":153,"column":4},"end":{"line":156,"column":24}},"96":{"start":{"line":155,"column":6},"end":{"line":155,"column":18}},"97":{"start":{"line":156,"column":6},"end":{"line":156,"column":23}}},"branchMap":{"1":{"line":42,"type":"if","locations":[{"start":{"line":42,"column":4},"end":{"line":42,"column":4}},{"start":{"line":42,"column":4},"end":{"line":42,"column":4}}]},"2":{"line":48,"type":"if","locations":[{"start":{"line":48,"column":4},"end":{"line":48,"column":4}},{"start":{"line":48,"column":4},"end":{"line":48,"column":4}}]},"3":{"line":53,"type":"if","locations":[{"start":{"line":53,"column":4},"end":{"line":53,"column":4}},{"start":{"line":53,"column":4},"end":{"line":53,"column":4}}]},"4":{"line":54,"type":"if","locations":[{"start":{"line":54,"column":4},"end":{"line":54,"column":4}},{"start":{"line":54,"column":4},"end":{"line":54,"column":4}}]},"5":{"line":82,"type":"if","locations":[{"start":{"line":82,"column":4},"end":{"line":82,"column":4}},{"start":{"line":82,"column":4},"end":{"line":82,"column":4}}]},"6":{"line":85,"type":"if","locations":[{"start":{"line":85,"column":4},"end":{"line":85,"column":4}},{"start":{"line":85,"column":4},"end":{"line":85,"column":4}}]},"7":{"line":113,"type":"if","locations":[{"start":{"line":113,"column":4},"end":{"line":113,"column":4}},{"start":{"line":113,"column":4},"end":{"line":113,"column":4}}]},"8":{"line":114,"type":"if","locations":[{"start":{"line":114,"column":4},"end":{"line":114,"column":4}},{"start":{"line":114,"column":4},"end":{"line":114,"column":4}}]},"9":{"line":118,"type":"if","locations":[{"start":{"line":118,"column":4},"end":{"line":118,"column":4}},{"start":{"line":118,"column":4},"end":{"line":118,"column":4}}]},"10":{"line":122,"type":"if","locations":[{"start":{"line":122,"column":4},"end":{"line":122,"column":4}},{"start":{"line":122,"column":4},"end":{"line":122,"column":4}}]},"11":{"line":139,"type":"if","locations":[{"start":{"line":139,"column":4},"end":{"line":139,"column":4}},{"start":{"line":139,"column":4},"end":{"line":139,"column":4}}]},"12":{"line":141,"type":"if","locations":[{"start":{"line":141,"column":4},"end":{"line":141,"column":4}},{"start":{"line":141,"column":4},"end":{"line":141,"column":4}}]},"13":{"line":145,"type":"if","locations":[{"start":{"line":145,"column":4},"end":{"line":145,"column":4}},{"start":{"line":145,"column":4},"end":{"line":145,"column":4}}]}}},"/Users/venkat/proj/repos/alexpress/lib/response/index.coffee":{"path":"/Users/venkat/proj/repos/alexpress/lib/response/index.coffee","s":{"1":1,"2":1,"3":25,"4":1,"5":1},"b":{},"f":{"1":25},"fnMap":{"1":{"name":"response","line":3,"loc":{"start":{"line":3,"column":0},"end":{"line":3,"column":21}}}},"statementMap":{"1":{"start":{"line":1,"column":0},"end":{"line":1,"column":30}},"2":{"start":{"line":3,"column":0},"end":{"line":5,"column":0}},"3":{"start":{"line":4,"column":6},"end":{"line":4,"column":18}},"4":{"start":{"line":6,"column":0},"end":{"line":6,"column":27}},"5":{"start":{"line":8,"column":0},"end":{"line":8,"column":24}}},"branchMap":{}},"/Users/venkat/proj/repos/alexpress/lib/util/BaseObject.coffee":{"path":"/Users/venkat/proj/repos/alexpress/lib/util/BaseObject.coffee","s":{"1":1,"2":1,"3":36,"4":36,"5":35,"6":37,"7":37,"8":25,"9":0,"10":25,"11":25,"12":1,"13":26},"b":{"1":[0,25]},"f":{"1":1,"2":36,"3":35,"4":37,"5":25,"6":1,"7":26},"fnMap":{"1":{"name":"BaseObject","line":3,"loc":{"start":{"line":3,"column":23},"end":{"line":3,"column":32}}},"2":{"name":"constructor","line":5,"loc":{"start":{"line":5,"column":2},"end":{"line":5,"column":28}}},"3":{"name":"init","line":9,"loc":{"start":{"line":9,"column":2},"end":{"line":9,"column":20}}},"4":{"name":"(anonymous_1)","line":11,"loc":{"start":{"line":11,"column":9},"end":{"line":11,"column":27}}},"5":{"name":"this","line":12,"loc":{"start":{"line":12,"column":8},"end":{"line":12,"column":32}}},"6":{"name":"isValid","line":17,"loc":{"start":{"line":17,"column":2},"end":{"line":17,"column":13}}},"7":{"name":"toObject","line":19,"loc":{"start":{"line":19,"column":2},"end":{"line":19,"column":14}}}},"statementMap":{"1":{"start":{"line":1,"column":0},"end":{"line":1,"column":34}},"2":{"start":{"line":3,"column":0},"end":{"line":20,"column":9}},"3":{"start":{"line":6,"column":4},"end":{"line":6,"column":27}},"4":{"start":{"line":7,"column":4},"end":{"line":7,"column":10}},"5":{"start":{"line":10,"column":4},"end":{"line":17,"column":1}},"6":{"start":{"line":11,"column":6},"end":{"line":17,"column":1}},"7":{"start":{"line":12,"column":8},"end":{"line":17,"column":1}},"8":{"start":{"line":13,"column":10},"end":{"line":13,"column":55}},"9":{"start":{"line":13,"column":10},"end":{"line":13,"column":30}},"10":{"start":{"line":14,"column":10},"end":{"line":14,"column":31}},"11":{"start":{"line":15,"column":10},"end":{"line":15,"column":10}},"12":{"start":{"line":17,"column":15},"end":{"line":17,"column":18}},"13":{"start":{"line":20,"column":4},"end":{"line":20,"column":8}}},"branchMap":{"1":{"line":13,"type":"if","locations":[{"start":{"line":13,"column":10},"end":{"line":13,"column":10}},{"start":{"line":13,"column":10},"end":{"line":13,"column":10}}]}}},"/Users/venkat/proj/repos/alexpress/lib/util/TypedClass.coffee":{"path":"/Users/venkat/proj/repos/alexpress/lib/util/TypedClass.coffee","s":{"1":1,"2":1,"3":1,"4":61,"5":0,"6":61,"7":0,"8":61,"9":0,"10":61,"11":61,"12":61},"b":{"1":[0,61],"2":[0,61],"3":[0,61]},"f":{"1":1,"2":61},"fnMap":{"1":{"name":"TypedClass","line":4,"loc":{"start":{"line":4,"column":23},"end":{"line":4,"column":32}}},"2":{"name":"this","line":6,"loc":{"start":{"line":6,"column":2},"end":{"line":6,"column":26}}}},"statementMap":{"1":{"start":{"line":1,"column":0},"end":{"line":1,"column":20}},"2":{"start":{"line":2,"column":0},"end":{"line":2,"column":21}},"3":{"start":{"line":4,"column":0},"end":{"line":13,"column":24}},"4":{"start":{"line":7,"column":4},"end":{"line":7,"column":23}},"5":{"start":{"line":7,"column":4},"end":{"line":7,"column":11}},"6":{"start":{"line":8,"column":4},"end":{"line":8,"column":58}},"7":{"start":{"line":8,"column":4},"end":{"line":8,"column":41}},"8":{"start":{"line":9,"column":4},"end":{"line":9,"column":30}},"9":{"start":{"line":9,"column":4},"end":{"line":9,"column":18}},"10":{"start":{"line":11,"column":4},"end":{"line":11,"column":31}},"11":{"start":{"line":12,"column":4},"end":{"line":12,"column":38}},"12":{"start":{"line":13,"column":4},"end":{"line":13,"column":23}}},"branchMap":{"1":{"line":7,"type":"if","locations":[{"start":{"line":7,"column":4},"end":{"line":7,"column":4}},{"start":{"line":7,"column":4},"end":{"line":7,"column":4}}]},"2":{"line":8,"type":"if","locations":[{"start":{"line":8,"column":4},"end":{"line":8,"column":4}},{"start":{"line":8,"column":4},"end":{"line":8,"column":4}}]},"3":{"line":9,"type":"if","locations":[{"start":{"line":9,"column":4},"end":{"line":9,"column":4}},{"start":{"line":9,"column":4},"end":{"line":9,"column":4}}]}}},"/Users/venkat/proj/repos/alexpress/lib/util/dfs.coffee":{"path":"/Users/venkat/proj/repos/alexpress/lib/util/dfs.coffee","s":{"1":1,"2":1,"3":1,"4":1,"5":1,"6":31,"7":31,"8":1},"b":{"1":[31,0]},"f":{},"fnMap":{},"statementMap":{"1":{"start":{"line":1,"column":0},"end":{"line":1,"column":27}},"2":{"start":{"line":2,"column":0},"end":{"line":2,"column":16}},"3":{"start":{"line":4,"column":0},"end":{"line":7,"column":66}},"4":{"start":{"line":9,"column":0},"end":{"line":9,"column":7}},"5":{"start":{"line":10,"column":0},"end":{"line":12,"column":0}},"6":{"start":{"line":11,"column":2},"end":{"line":11,"column":70}},"7":{"start":{"line":11,"column":2},"end":{"line":11,"column":37}},"8":{"start":{"line":13,"column":0},"end":{"line":13,"column":19}}},"branchMap":{"1":{"line":11,"type":"if","locations":[{"start":{"line":11,"column":2},"end":{"line":11,"column":2}},{"start":{"line":11,"column":2},"end":{"line":11,"column":2}}]}}},"/Users/venkat/proj/repos/alexpress/lib/util/errors.coffee":{"path":"/Users/venkat/proj/repos/alexpress/lib/util/errors.coffee","s":{"1":1,"2":1,"3":1,"4":0,"5":0,"6":0,"7":0,"8":0,"9":1},"b":{"1":[0,0],"2":[0,0]},"f":{"1":0,"2":0,"3":0},"fnMap":{"1":{"name":"Throw","line":8,"loc":{"start":{"line":8,"column":0},"end":{"line":8,"column":18}}},"2":{"name":"if","line":9,"loc":{"start":{"line":9,"column":2},"end":{"line":9,"column":13}}},"3":{"name":"unless","line":10,"loc":{"start":{"line":10,"column":2},"end":{"line":10,"column":17}}}},"statementMap":{"1":{"start":{"line":1,"column":0},"end":{"line":1,"column":33}},"2":{"start":{"line":3,"column":0},"end":{"line":7,"column":0}},"3":{"start":{"line":8,"column":0},"end":{"line":11,"column":4}},"4":{"start":{"line":9,"column":2},"end":{"line":10,"column":39}},"5":{"start":{"line":9,"column":16},"end":{"line":9,"column":30}},"6":{"start":{"line":9,"column":16},"end":{"line":9,"column":25}},"7":{"start":{"line":10,"column":21},"end":{"line":10,"column":39}},"8":{"start":{"line":10,"column":21},"end":{"line":10,"column":30}},"9":{"start":{"line":12,"column":0},"end":{"line":14,"column":37}}},"branchMap":{"1":{"line":9,"type":"if","locations":[{"start":{"line":9,"column":16},"end":{"line":9,"column":16}},{"start":{"line":9,"column":16},"end":{"line":9,"column":16}}]},"2":{"line":10,"type":"if","locations":[{"start":{"line":10,"column":21},"end":{"line":10,"column":21}},{"start":{"line":10,"column":21},"end":{"line":10,"column":21}}]}}},"/Users/venkat/proj/repos/alexpress/lib/util/exists.coffee":{"path":"/Users/venkat/proj/repos/alexpress/lib/util/exists.coffee","s":{"1":1,"2":1,"3":7,"4":5,"5":0,"6":5,"7":5,"8":5,"9":5,"10":5,"11":0,"12":0,"13":0,"14":2,"15":2,"16":0},"b":{"1":[0,5],"2":[5,0],"3":[5,0],"4":[2,0]},"f":{"1":7,"2":5,"3":2},"fnMap":{"1":{"name":"module","line":3,"loc":{"start":{"line":3,"column":0},"end":{"line":3,"column":33}}},"2":{"name":"(anonymous_1)","line":5,"loc":{"start":{"line":5,"column":8},"end":{"line":5,"column":18}}},"3":{"name":"(anonymous_2)","line":10,"loc":{"start":{"line":10,"column":9},"end":{"line":10,"column":16}}}},"statementMap":{"1":{"start":{"line":1,"column":0},"end":{"line":1,"column":20}},"2":{"start":{"line":3,"column":0},"end":{"line":12,"column":11}},"3":{"start":{"line":4,"column":2},"end":{"line":12,"column":11}},"4":{"start":{"line":6,"column":4},"end":{"line":6,"column":27}},"5":{"start":{"line":6,"column":4},"end":{"line":6,"column":14}},"6":{"start":{"line":7,"column":4},"end":{"line":9,"column":3}},"7":{"start":{"line":8,"column":6},"end":{"line":8,"column":41}},"8":{"start":{"line":8,"column":27},"end":{"line":8,"column":36}},"9":{"start":{"line":8,"column":32},"end":{"line":8,"column":35}},"10":{"start":{"line":8,"column":6},"end":{"line":8,"column":16}},"11":{"start":{"line":9,"column":4},"end":{"line":9,"column":38}},"12":{"start":{"line":9,"column":20},"end":{"line":9,"column":37}},"13":{"start":{"line":9,"column":33},"end":{"line":9,"column":36}},"14":{"start":{"line":11,"column":4},"end":{"line":11,"column":31}},"15":{"start":{"line":11,"column":4},"end":{"line":11,"column":9}},"16":{"start":{"line":12,"column":4},"end":{"line":12,"column":10}}},"branchMap":{"1":{"line":6,"type":"if","locations":[{"start":{"line":6,"column":4},"end":{"line":6,"column":4}},{"start":{"line":6,"column":4},"end":{"line":6,"column":4}}]},"2":{"line":7,"type":"if","locations":[{"start":{"line":7,"column":4},"end":{"line":7,"column":4}},{"start":{"line":7,"column":4},"end":{"line":7,"column":4}}]},"3":{"line":8,"type":"if","locations":[{"start":{"line":8,"column":6},"end":{"line":8,"column":6}},{"start":{"line":8,"column":6},"end":{"line":8,"column":6}}]},"4":{"line":11,"type":"if","locations":[{"start":{"line":11,"column":4},"end":{"line":11,"column":4}},{"start":{"line":11,"column":4},"end":{"line":11,"column":4}}]}}},"/Users/venkat/proj/repos/alexpress/lib/util/log.coffee":{"path":"/Users/venkat/proj/repos/alexpress/lib/util/log.coffee","s":{"1":1,"2":0,"3":0,"4":0,"5":1,"6":2,"7":0,"8":0,"9":0,"10":0,"11":0,"12":0,"13":0,"14":0},"b":{"1":[0,0],"2":[0,0]},"f":{"1":0,"2":2,"3":0},"fnMap":{"1":{"name":"replacer","line":1,"loc":{"start":{"line":1,"column":0},"end":{"line":1,"column":21}}},"2":{"name":"module","line":5,"loc":{"start":{"line":5,"column":0},"end":{"line":5,"column":26}}},"3":{"name":"(anonymous_1)","line":5,"loc":{"start":{"line":5,"column":28},"end":{"line":5,"column":42}}}},"statementMap":{"1":{"start":{"line":1,"column":0},"end":{"line":4,"column":0}},"2":{"start":{"line":2,"column":2},"end":{"line":2,"column":46}},"3":{"start":{"line":2,"column":2},"end":{"line":2,"column":20}},"4":{"start":{"line":3,"column":2},"end":{"line":3,"column":2}},"5":{"start":{"line":5,"column":0},"end":{"line":9,"column":41}},"6":{"start":{"line":5,"column":28},"end":{"line":9,"column":41}},"7":{"start":{"line":6,"column":2},"end":{"line":9,"column":1}},"8":{"start":{"line":7,"column":4},"end":{"line":7,"column":74}},"9":{"start":{"line":7,"column":36},"end":{"line":7,"column":64}},"10":{"start":{"line":7,"column":71},"end":{"line":7,"column":74}},"11":{"start":{"line":9,"column":2},"end":{"line":9,"column":40}},"12":{"start":{"line":9,"column":14},"end":{"line":9,"column":39}},"13":{"start":{"line":9,"column":18},"end":{"line":9,"column":20}},"14":{"start":{"line":9,"column":26},"end":{"line":9,"column":38}}},"branchMap":{"1":{"line":2,"type":"if","locations":[{"start":{"line":2,"column":2},"end":{"line":2,"column":2}},{"start":{"line":2,"column":2},"end":{"line":2,"column":2}}]},"2":{"line":7,"type":"if","locations":[{"start":{"line":7,"column":4},"end":{"line":7,"column":4}},{"start":{"line":7,"column":4},"end":{"line":7,"column":4}}]}}},"/Users/venkat/proj/repos/alexpress/lib/util/makeProps.coffee":{"path":"/Users/venkat/proj/repos/alexpress/lib/util/makeProps.coffee","s":{"1":0,"2":0,"3":0,"4":0,"5":0,"6":0,"7":0,"8":0,"9":0,"10":0,"11":0,"12":0,"13":0,"14":0,"15":0,"16":0,"17":0},"b":{"1":[0,0],"2":[0,0],"3":[0,0]},"f":{"1":0,"2":0,"3":0},"fnMap":{"1":{"name":"module","line":1,"loc":{"start":{"line":1,"column":0},"end":{"line":1,"column":33}}},"2":{"name":"(anonymous_1)","line":3,"loc":{"start":{"line":3,"column":7},"end":{"line":3,"column":17}}},"3":{"name":"obj","line":5,"loc":{"start":{"line":5,"column":6},"end":{"line":5,"column":31}}}},"statementMap":{"1":{"start":{"line":1,"column":0},"end":{"line":11,"column":11}},"2":{"start":{"line":2,"column":2},"end":{"line":11,"column":11}},"3":{"start":{"line":3,"column":4},"end":{"line":11,"column":11}},"4":{"start":{"line":4,"column":6},"end":{"line":4,"column":23}},"5":{"start":{"line":4,"column":14},"end":{"line":4,"column":22}},"6":{"start":{"line":4,"column":18},"end":{"line":4,"column":21}},"7":{"start":{"line":5,"column":6},"end":{"line":11,"column":11}},"8":{"start":{"line":6,"column":8},"end":{"line":6,"column":25}},"9":{"start":{"line":7,"column":8},"end":{"line":7,"column":42}},"10":{"start":{"line":7,"column":8},"end":{"line":7,"column":17}},"11":{"start":{"line":8,"column":8},"end":{"line":11,"column":7}},"12":{"start":{"line":9,"column":10},"end":{"line":9,"column":29}},"13":{"start":{"line":10,"column":10},"end":{"line":10,"column":60}},"14":{"start":{"line":10,"column":10},"end":{"line":10,"column":47}},"15":{"start":{"line":10,"column":19},"end":{"line":10,"column":34}},"16":{"start":{"line":10,"column":30},"end":{"line":10,"column":33}},"17":{"start":{"line":11,"column":8},"end":{"line":11,"column":10}}},"branchMap":{"1":{"line":7,"type":"if","locations":[{"start":{"line":7,"column":8},"end":{"line":7,"column":8}},{"start":{"line":7,"column":8},"end":{"line":7,"column":8}}]},"2":{"line":8,"type":"if","locations":[{"start":{"line":8,"column":8},"end":{"line":8,"column":8}},{"start":{"line":8,"column":8},"end":{"line":8,"column":8}}]},"3":{"line":10,"type":"if","locations":[{"start":{"line":10,"column":10},"end":{"line":10,"column":10}},{"start":{"line":10,"column":10},"end":{"line":10,"column":10}}]}}},"/Users/venkat/proj/repos/alexpress/lib/util/nodeify-lambda-context.coffee":{"path":"/Users/venkat/proj/repos/alexpress/lib/util/nodeify-lambda-context.coffee","s":{"1":1,"2":0,"3":0,"4":0,"5":0,"6":0,"7":0,"8":0,"9":0},"b":{"1":[0,0],"2":[0,0]},"f":{"1":0,"2":0},"fnMap":{"1":{"name":"module","line":1,"loc":{"start":{"line":1,"column":0},"end":{"line":1,"column":26}}},"2":{"name":"(anonymous_1)","line":1,"loc":{"start":{"line":1,"column":28},"end":{"line":1,"column":42}}}},"statementMap":{"1":{"start":{"line":1,"column":0},"end":{"line":4,"column":20}},"2":{"start":{"line":1,"column":28},"end":{"line":4,"column":20}},"3":{"start":{"line":2,"column":2},"end":{"line":2,"column":76}},"4":{"start":{"line":2,"column":24},"end":{"line":2,"column":45}},"5":{"start":{"line":2,"column":52},"end":{"line":2,"column":76}},"6":{"start":{"line":3,"column":2},"end":{"line":3,"column":44}},"7":{"start":{"line":3,"column":19},"end":{"line":3,"column":28}},"8":{"start":{"line":3,"column":35},"end":{"line":3,"column":44}},"9":{"start":{"line":4,"column":2},"end":{"line":4,"column":19}}},"branchMap":{"1":{"line":2,"type":"if","locations":[{"start":{"line":2,"column":6},"end":{"line":2,"column":6}},{"start":{"line":2,"column":6},"end":{"line":2,"column":6}}]},"2":{"line":3,"type":"if","locations":[{"start":{"line":3,"column":6},"end":{"line":3,"column":6}},{"start":{"line":3,"column":6},"end":{"line":3,"column":6}}]}}},"/Users/venkat/proj/repos/alexpress/lib/util/pfind.coffee":{"path":"/Users/venkat/proj/repos/alexpress/lib/util/pfind.coffee","s":{"1":1,"2":6,"3":6,"4":6,"5":6,"6":5,"7":1,"8":0,"9":1},"b":{"1":[5,1],"2":[0,1]},"f":{"1":6,"2":6},"fnMap":{"1":{"name":"module","line":1,"loc":{"start":{"line":1,"column":0},"end":{"line":1,"column":36}}},"2":{"name":"(anonymous_1)","line":5,"loc":{"start":{"line":5,"column":8},"end":{"line":5,"column":17}}}},"statementMap":{"1":{"start":{"line":1,"column":0},"end":{"line":8,"column":19}},"2":{"start":{"line":2,"column":2},"end":{"line":2,"column":8}},"3":{"start":{"line":3,"column":2},"end":{"line":3,"column":20}},"4":{"start":{"line":4,"column":2},"end":{"line":8,"column":19}},"5":{"start":{"line":6,"column":4},"end":{"line":6,"column":25}},"6":{"start":{"line":6,"column":4},"end":{"line":6,"column":13}},"7":{"start":{"line":7,"column":4},"end":{"line":7,"column":30}},"8":{"start":{"line":7,"column":4},"end":{"line":7,"column":9}},"9":{"start":{"line":8,"column":4},"end":{"line":8,"column":18}}},"branchMap":{"1":{"line":6,"type":"if","locations":[{"start":{"line":6,"column":4},"end":{"line":6,"column":4}},{"start":{"line":6,"column":4},"end":{"line":6,"column":4}}]},"2":{"line":7,"type":"if","locations":[{"start":{"line":7,"column":4},"end":{"line":7,"column":4}},{"start":{"line":7,"column":4},"end":{"line":7,"column":4}}]}}},"/Users/venkat/proj/repos/alexpress/lib/util/prop.coffee":{"path":"/Users/venkat/proj/repos/alexpress/lib/util/prop.coffee","s":{"1":1,"2":175,"3":0,"4":175,"5":0,"6":0,"7":175,"8":175,"9":175,"10":175,"11":141,"12":175,"13":97,"14":175,"15":100,"16":175,"17":154,"18":154,"19":115,"20":39,"21":30,"22":30,"23":30,"24":30,"25":30,"26":39},"b":{"1":[0,175],"2":[100,75],"3":[115,39],"4":[30,9],"5":[30,0]},"f":{"1":175,"2":141,"3":97,"4":154},"fnMap":{"1":{"name":"module","line":1,"loc":{"start":{"line":1,"column":0},"end":{"line":1,"column":32}}},"2":{"name":"(anonymous_1)","line":5,"loc":{"start":{"line":5,"column":26},"end":{"line":5,"column":27}}},"3":{"name":"(anonymous_2)","line":6,"loc":{"start":{"line":6,"column":26},"end":{"line":6,"column":32}}},"4":{"name":"obj","line":10,"loc":{"start":{"line":10,"column":2},"end":{"line":10,"column":27}}}},"statementMap":{"1":{"start":{"line":1,"column":0},"end":{"line":16,"column":7}},"2":{"start":{"line":2,"column":2},"end":{"line":2,"column":23}},"3":{"start":{"line":2,"column":2},"end":{"line":2,"column":10}},"4":{"start":{"line":3,"column":2},"end":{"line":3,"column":65}},"5":{"start":{"line":3,"column":39},"end":{"line":3,"column":62}},"6":{"start":{"line":3,"column":58},"end":{"line":3,"column":61}},"7":{"start":{"line":4,"column":2},"end":{"line":4,"column":33}},"8":{"start":{"line":4,"column":24},"end":{"line":4,"column":32}},"9":{"start":{"line":4,"column":28},"end":{"line":4,"column":31}},"10":{"start":{"line":5,"column":2},"end":{"line":5,"column":42}},"11":{"start":{"line":5,"column":31},"end":{"line":5,"column":33}},"12":{"start":{"line":6,"column":2},"end":{"line":6,"column":49}},"13":{"start":{"line":6,"column":34},"end":{"line":6,"column":49}},"14":{"start":{"line":8,"column":2},"end":{"line":8,"column":37}},"15":{"start":{"line":8,"column":2},"end":{"line":8,"column":20}},"16":{"start":{"line":10,"column":2},"end":{"line":16,"column":7}},"17":{"start":{"line":11,"column":4},"end":{"line":11,"column":15}},"18":{"start":{"line":12,"column":4},"end":{"line":12,"column":53}},"19":{"start":{"line":12,"column":4},"end":{"line":12,"column":11}},"20":{"start":{"line":13,"column":4},"end":{"line":16,"column":3}},"21":{"start":{"line":14,"column":6},"end":{"line":14,"column":17}},"22":{"start":{"line":15,"column":6},"end":{"line":15,"column":54}},"23":{"start":{"line":15,"column":6},"end":{"line":15,"column":41}},"24":{"start":{"line":15,"column":15},"end":{"line":15,"column":30}},"25":{"start":{"line":15,"column":26},"end":{"line":15,"column":29}},"26":{"start":{"line":16,"column":4},"end":{"line":16,"column":6}}},"branchMap":{"1":{"line":2,"type":"if","locations":[{"start":{"line":2,"column":2},"end":{"line":2,"column":2}},{"start":{"line":2,"column":2},"end":{"line":2,"column":2}}]},"2":{"line":8,"type":"if","locations":[{"start":{"line":8,"column":2},"end":{"line":8,"column":2}},{"start":{"line":8,"column":2},"end":{"line":8,"column":2}}]},"3":{"line":12,"type":"if","locations":[{"start":{"line":12,"column":4},"end":{"line":12,"column":4}},{"start":{"line":12,"column":4},"end":{"line":12,"column":4}}]},"4":{"line":13,"type":"if","locations":[{"start":{"line":13,"column":4},"end":{"line":13,"column":4}},{"start":{"line":13,"column":4},"end":{"line":13,"column":4}}]},"5":{"line":15,"type":"if","locations":[{"start":{"line":15,"column":6},"end":{"line":15,"column":6}},{"start":{"line":15,"column":6},"end":{"line":15,"column":6}}]}}},"/Users/venkat/proj/repos/alexpress/lib/util/renderer.coffee":{"path":"/Users/venkat/proj/repos/alexpress/lib/util/renderer.coffee","s":{"1":1,"2":1,"3":1,"4":1,"5":1,"6":1,"7":1,"8":1,"9":1,"10":1,"11":1,"12":6,"13":6,"14":0,"15":6,"16":5,"17":5,"18":5,"19":6,"20":6,"21":7,"22":7,"23":7,"24":7,"25":6,"26":6,"27":6,"28":6,"29":1,"30":1,"31":1,"32":5,"33":6,"34":5,"35":5,"36":5,"37":1,"38":6,"39":1,"40":1},"b":{"1":[1,5]},"f":{"1":1,"2":6,"3":0,"4":6,"5":5,"6":5,"7":6,"8":7,"9":6,"10":6,"11":6,"12":5,"13":6},"fnMap":{"1":{"name":"Renderer","line":15,"loc":{"start":{"line":15,"column":6},"end":{"line":15,"column":13}}},"2":{"name":"constructor","line":17,"loc":{"start":{"line":17,"column":2},"end":{"line":17,"column":35}}},"3":{"name":"loadfile","line":21,"loc":{"start":{"line":21,"column":6},"end":{"line":21,"column":24}}},"4":{"name":"load","line":24,"loc":{"start":{"line":24,"column":2},"end":{"line":24,"column":10}}},"5":{"name":"(anonymous_1)","line":26,"loc":{"start":{"line":26,"column":10},"end":{"line":26,"column":17}}},"6":{"name":"(anonymous_2)","line":29,"loc":{"start":{"line":29,"column":10},"end":{"line":29,"column":24}}},"7":{"name":"findTemplate","line":32,"loc":{"start":{"line":32,"column":2},"end":{"line":32,"column":18}}},"8":{"name":"ex","line":34,"loc":{"start":{"line":34,"column":4},"end":{"line":34,"column":15}}},"9":{"name":"test","line":35,"loc":{"start":{"line":35,"column":4},"end":{"line":35,"column":17}}},"10":{"name":"(anonymous_3)","line":37,"loc":{"start":{"line":37,"column":10},"end":{"line":37,"column":20}}},"11":{"name":"render","line":41,"loc":{"start":{"line":41,"column":2},"end":{"line":41,"column":23}}},"12":{"name":"(anonymous_4)","line":42,"loc":{"start":{"line":42,"column":16},"end":{"line":42,"column":17}}},"13":{"name":"renderer","line":47,"loc":{"start":{"line":47,"column":0},"end":{"line":47,"column":21}}}},"statementMap":{"1":{"start":{"line":1,"column":0},"end":{"line":1,"column":18}},"2":{"start":{"line":2,"column":0},"end":{"line":2,"column":22}},"3":{"start":{"line":3,"column":0},"end":{"line":3,"column":20}},"4":{"start":{"line":4,"column":0},"end":{"line":4,"column":20}},"5":{"start":{"line":5,"column":0},"end":{"line":5,"column":26}},"6":{"start":{"line":6,"column":0},"end":{"line":6,"column":24}},"7":{"start":{"line":7,"column":0},"end":{"line":7,"column":20}},"8":{"start":{"line":8,"column":0},"end":{"line":8,"column":16}},"9":{"start":{"line":10,"column":0},"end":{"line":10,"column":23}},"10":{"start":{"line":11,"column":0},"end":{"line":14,"column":0}},"11":{"start":{"line":15,"column":0},"end":{"line":46,"column":0}},"12":{"start":{"line":18,"column":4},"end":{"line":18,"column":19}},"13":{"start":{"line":19,"column":4},"end":{"line":24,"column":1}},"14":{"start":{"line":22,"column":8},"end":{"line":22,"column":44}},"15":{"start":{"line":25,"column":4},"end":{"line":32,"column":1}},"16":{"start":{"line":27,"column":6},"end":{"line":27,"column":45}},"17":{"start":{"line":28,"column":6},"end":{"line":28,"column":19}},"18":{"start":{"line":30,"column":6},"end":{"line":30,"column":51}},"19":{"start":{"line":33,"column":4},"end":{"line":33,"column":47}},"20":{"start":{"line":34,"column":4},"end":{"line":34,"column":46}},"21":{"start":{"line":34,"column":18},"end":{"line":34,"column":46}},"22":{"start":{"line":34,"column":27},"end":{"line":34,"column":37}},"23":{"start":{"line":34,"column":28},"end":{"line":34,"column":31}},"24":{"start":{"line":34,"column":36},"end":{"line":34,"column":36}},"25":{"start":{"line":35,"column":4},"end":{"line":35,"column":21}},"26":{"start":{"line":35,"column":20},"end":{"line":35,"column":21}},"27":{"start":{"line":36,"column":4},"end":{"line":41,"column":1}},"28":{"start":{"line":38,"column":6},"end":{"line":38,"column":68}},"29":{"start":{"line":38,"column":6},"end":{"line":38,"column":55}},"30":{"start":{"line":38,"column":22},"end":{"line":38,"column":54}},"31":{"start":{"line":38,"column":49},"end":{"line":38,"column":53}},"32":{"start":{"line":39,"column":6},"end":{"line":39,"column":9}},"33":{"start":{"line":42,"column":4},"end":{"line":46,"column":0}},"34":{"start":{"line":43,"column":6},"end":{"line":43,"column":33}},"35":{"start":{"line":44,"column":6},"end":{"line":44,"column":30}},"36":{"start":{"line":45,"column":6},"end":{"line":45,"column":47}},"37":{"start":{"line":47,"column":0},"end":{"line":50,"column":0}},"38":{"start":{"line":48,"column":6},"end":{"line":49,"column":21}},"39":{"start":{"line":51,"column":0},"end":{"line":51,"column":27}},"40":{"start":{"line":53,"column":0},"end":{"line":53,"column":24}}},"branchMap":{"1":{"line":38,"type":"if","locations":[{"start":{"line":38,"column":6},"end":{"line":38,"column":6}},{"start":{"line":38,"column":6},"end":{"line":38,"column":6}}]}}},"/Users/venkat/proj/repos/alexpress/lib/util/ssml.coffee":{"path":"/Users/venkat/proj/repos/alexpress/lib/util/ssml.coffee","s":{"1":0,"2":0,"3":0,"4":0,"5":0,"6":0,"7":0,"8":0,"9":0,"10":0,"11":0,"12":0},"b":{"1":[0,0]},"f":{"1":0,"2":0},"fnMap":{"1":{"name":"fromStr","line":3,"loc":{"start":{"line":3,"column":2},"end":{"line":3,"column":35}}},"2":{"name":"cleanse","line":15,"loc":{"start":{"line":15,"column":2},"end":{"line":15,"column":21}}}},"statementMap":{"1":{"start":{"line":1,"column":0},"end":{"line":1,"column":11}},"2":{"start":{"line":2,"column":0},"end":{"line":17,"column":199}},"3":{"start":{"line":5,"column":4},"end":{"line":5,"column":18}},"4":{"start":{"line":6,"column":4},"end":{"line":6,"column":77}},"5":{"start":{"line":8,"column":4},"end":{"line":8,"column":36}},"6":{"start":{"line":9,"column":4},"end":{"line":9,"column":95}},"7":{"start":{"line":12,"column":4},"end":{"line":12,"column":100}},"8":{"start":{"line":12,"column":43},"end":{"line":12,"column":80}},"9":{"start":{"line":12,"column":70},"end":{"line":12,"column":71}},"10":{"start":{"line":12,"column":78},"end":{"line":12,"column":80}},"11":{"start":{"line":13,"column":4},"end":{"line":13,"column":40}},"12":{"start":{"line":17,"column":4},"end":{"line":17,"column":198}}},"branchMap":{"1":{"line":12,"type":"if","locations":[{"start":{"line":12,"column":43},"end":{"line":12,"column":43}},{"start":{"line":12,"column":43},"end":{"line":12,"column":43}}]}}},"/Users/venkat/proj/repos/alexpress/lib/util/string.coffee":{"path":"/Users/venkat/proj/repos/alexpress/lib/util/string.coffee","s":{"1":1,"2":62,"3":1,"4":24,"5":1,"6":22,"7":22,"8":0,"9":1},"b":{"1":[22,0]},"f":{"1":62,"2":24,"3":22},"fnMap":{"1":{"name":"capitalize","line":1,"loc":{"start":{"line":1,"column":0},"end":{"line":1,"column":22}}},"2":{"name":"endsWith","line":4,"loc":{"start":{"line":4,"column":0},"end":{"line":4,"column":29}}},"3":{"name":"trimEnd","line":7,"loc":{"start":{"line":7,"column":0},"end":{"line":7,"column":28}}}},"statementMap":{"1":{"start":{"line":1,"column":0},"end":{"line":3,"column":0}},"2":{"start":{"line":2,"column":2},"end":{"line":2,"column":36}},"3":{"start":{"line":4,"column":0},"end":{"line":6,"column":0}},"4":{"start":{"line":5,"column":2},"end":{"line":5,"column":54}},"5":{"start":{"line":7,"column":0},"end":{"line":9,"column":0}},"6":{"start":{"line":8,"column":2},"end":{"line":8,"column":68}},"7":{"start":{"line":8,"column":32},"end":{"line":8,"column":34}},"8":{"start":{"line":8,"column":66},"end":{"line":8,"column":68}},"9":{"start":{"line":10,"column":0},"end":{"line":13,"column":19}}},"branchMap":{"1":{"line":8,"type":"if","locations":[{"start":{"line":8,"column":2},"end":{"line":8,"column":2}},{"start":{"line":8,"column":2},"end":{"line":8,"column":2}}]}}}}