TN:
SF:/Users/venkat/proj/repos/alexpress/Gruntfile.coffee
FN:1,module
FNF:1
FNH:0
FNDA:0,module
DA:1,0
DA:3,0
DA:26,0
DA:27,0
DA:29,0
LF:5
LH:0
BRF:0
BRH:0
end_of_record
TN:
SF:/Users/venkat/proj/repos/alexpress/index.coffee
FN:3,alexpress
FNF:1
FNH:1
FNDA:29,alexpress
DA:1,1
DA:3,1
DA:4,29
DA:6,1
DA:8,1
LF:5
LH:5
BRF:0
BRH:0
end_of_record
TN:
SF:/Users/venkat/proj/repos/alexpress/lib/App.coffee
FN:7,(anonymous_1)
FN:12,App
FN:25,constructor
FN:26,(anonymous_2)
FN:44,get
FN:50,set
FN:54,last
FN:70,use
FN:94,handle
FN:113,handle
FN:123,next
FN:175,lambda
FN:182,run
FN:185,out
FN:186,next
FN:197,call
FNF:16
FNH:14
FNDA:0,(anonymous_1)
FNDA:1,App
FNDA:49,constructor
FNDA:1,(anonymous_2)
FNDA:65,get
FNDA:11,set
FNDA:0,last
FNDA:30,use
FNDA:1,handle
FNDA:26,handle
FNDA:34,next
FNDA:20,lambda
FNDA:25,run
FNDA:23,out
FNDA:23,next
FNDA:30,call
DA:1,1
DA:2,1
DA:3,1
DA:4,1
DA:5,1
DA:7,1
DA:12,1
DA:26,49
DA:28,49
DA:29,49
DA:30,49
DA:31,49
DA:32,49
DA:35,49
DA:37,49
DA:38,49
DA:44,65
DA:51,11
DA:52,11
DA:55,0
DA:56,0
DA:71,30
DA:72,30
DA:74,30
DA:76,30
DA:77,20
DA:78,0
DA:80,20
DA:81,20
DA:82,20
DA:85,30
DA:86,19
DA:87,19
DA:90,30
DA:91,1
DA:92,1
DA:94,1
DA:95,1
DA:98,30
DA:102,30
DA:105,30
DA:114,26
DA:115,26
DA:116,26
DA:117,26
DA:118,26
DA:121,26
DA:123,26
DA:124,34
DA:125,1
DA:126,1
DA:128,34
DA:129,1
DA:130,1
DA:133,34
DA:136,34
DA:140,30
DA:141,30
DA:144,30
DA:147,30
DA:148,30
DA:151,30
DA:152,11
DA:153,11
DA:156,11
DA:157,11
DA:158,11
DA:161,30
DA:163,26
DA:164,26
DA:176,20
DA:177,20
DA:183,25
DA:185,25
DA:186,23
DA:187,23
DA:188,23
DA:190,25
DA:191,25
DA:197,1
DA:198,30
DA:199,30
DA:200,30
DA:202,30
DA:203,30
DA:205,30
DA:208,28
DA:211,2
DA:214,2
DA:216,1
LF:90
LH:87
BRDA:35,1,0,0
BRDA:35,1,1,49
BRDA:74,2,0,10
BRDA:74,2,1,20
BRDA:76,3,0,20
BRDA:76,3,1,10
BRDA:77,4,0,0
BRDA:77,4,1,20
BRDA:85,5,0,19
BRDA:85,5,1,11
BRDA:90,6,0,1
BRDA:90,6,1,29
BRDA:98,7,0,19
BRDA:98,7,1,11
BRDA:124,8,0,1
BRDA:124,8,1,33
BRDA:128,9,0,1
BRDA:128,9,1,33
BRDA:136,10,0,4
BRDA:136,10,1,30
BRDA:144,11,0,0
BRDA:144,11,1,30
BRDA:148,12,0,0
BRDA:148,12,1,30
BRDA:151,13,0,11
BRDA:151,13,1,19
BRDA:156,14,0,11
BRDA:156,14,1,0
BRDA:176,15,0,0
BRDA:176,15,1,20
BRDA:187,16,0,0
BRDA:187,16,1,23
BRDA:205,17,0,2
BRDA:205,17,1,28
BRDA:208,18,0,28
BRDA:208,18,1,0
BRF:36
BRH:28
end_of_record
TN:
SF:/Users/venkat/proj/repos/alexpress/lib/card/Card.coffee
FN:3,Card
FN:5,this
FNF:2
FNH:2
FNDA:1,Card
FNDA:3,this
DA:1,1
DA:3,1
DA:5,3
LF:3
LH:3
BRF:0
BRH:0
end_of_record
TN:
SF:/Users/venkat/proj/repos/alexpress/lib/card/LinkAccount.coffee
FN:2,LinkAccount
FN:4,init
FNF:2
FNH:2
FNDA:1,LinkAccount
FNDA:1,init
DA:1,1
DA:2,1
LF:2
LH:2
BRF:0
BRH:0
end_of_record
TN:
SF:/Users/venkat/proj/repos/alexpress/lib/card/Simple.coffee
FN:2,Simple
FN:4,init
FNF:2
FNH:2
FNDA:1,Simple
FNDA:1,init
DA:1,1
DA:2,1
DA:5,1
LF:3
LH:3
BRF:0
BRH:0
end_of_record
TN:
SF:/Users/venkat/proj/repos/alexpress/lib/card/Standard.coffee
FN:2,Standard
FN:4,init
FN:10,(anonymous_1)
FN:12,this
FNF:4
FNH:4
FNDA:1,Standard
FNDA:1,init
FNDA:2,(anonymous_1)
FNDA:2,this
DA:1,1
DA:2,1
DA:5,1
DA:9,1
DA:10,2
DA:11,2
DA:12,2
DA:13,2
DA:14,2
DA:15,2
DA:16,2
LF:11
LH:11
BRDA:13,1,0,0
BRDA:13,1,1,2
BRDA:14,2,0,1
BRDA:14,2,1,1
BRF:4
BRH:3
end_of_record
TN:
SF:/Users/venkat/proj/repos/alexpress/lib/card/index.coffee
FNF:0
FNH:0
DA:1,1
LF:1
LH:1
BRF:0
BRH:0
end_of_record
TN:
SF:/Users/venkat/proj/repos/alexpress/lib/outputSpeech/OutputSpeech.coffee
FN:3,OutputSpeech
FN:5,constructor
FN:9,this
FNF:3
FNH:3
FNDA:1,OutputSpeech
FNDA:33,constructor
FNDA:33,this
DA:1,1
DA:3,1
DA:6,33
DA:7,33
DA:9,33
LF:5
LH:5
BRDA:7,1,0,19
BRDA:7,1,1,14
BRF:2
BRH:2
end_of_record
TN:
SF:/Users/venkat/proj/repos/alexpress/lib/outputSpeech/PlainText.coffee
FN:4,PlainText
FN:6,init
FN:8,isValid
FNF:3
FNH:3
FNDA:1,PlainText
FNDA:30,init
FNDA:26,isValid
DA:1,1
DA:2,1
DA:4,1
DA:6,30
DA:8,26
LF:5
LH:5
BRF:0
BRH:0
end_of_record
TN:
SF:/Users/venkat/proj/repos/alexpress/lib/outputSpeech/SSML.coffee
FN:3,SSML
FN:5,init
FNF:2
FNH:2
FNDA:1,SSML
FNDA:3,init
DA:1,1
DA:3,1
DA:6,3
LF:3
LH:3
BRF:0
BRH:0
end_of_record
TN:
SF:/Users/venkat/proj/repos/alexpress/lib/outputSpeech/index.coffee
FNF:0
FNH:0
DA:1,1
LF:1
LH:1
BRF:0
BRH:0
end_of_record
TN:
SF:/Users/venkat/proj/repos/alexpress/lib/request/IntentRequest.coffee
FN:4,IntentRequest
FN:6,init
FNF:2
FNH:2
FNDA:1,IntentRequest
FNDA:21,init
DA:1,1
DA:2,1
DA:4,1
DA:7,21
DA:8,21
DA:9,21
LF:6
LH:6
BRF:0
BRH:0
end_of_record
TN:
SF:/Users/venkat/proj/repos/alexpress/lib/request/LaunchRequest.coffee
FN:3,LaunchRequest
FN:5,init
FNF:2
FNH:2
FNDA:1,LaunchRequest
FNDA:3,init
DA:1,1
DA:3,1
DA:5,3
LF:3
LH:3
BRF:0
BRH:0
end_of_record
TN:
SF:/Users/venkat/proj/repos/alexpress/lib/request/Request.coffee
FN:3,Request
FN:5,constructor
FN:19,init
FN:21,slots
FN:23,slot
FN:25,session
FN:27,this
FNF:7
FNH:5
FNDA:1,Request
FNDA:25,constructor
FNDA:0,init
FNDA:0,slots
FNDA:1,slot
FNDA:2,session
FNDA:25,this
DA:1,1
DA:3,1
DA:6,25
DA:7,25
DA:8,25
DA:9,25
DA:10,25
DA:11,25
DA:12,25
DA:13,25
DA:14,25
DA:15,25
DA:17,25
DA:21,0
DA:23,1
DA:25,2
DA:27,25
LF:17
LH:16
BRDA:25,1,0,2
BRDA:25,1,1,0
BRF:2
BRH:1
end_of_record
TN:
SF:/Users/venkat/proj/repos/alexpress/lib/request/SessionEndedRequest.coffee
FN:3,SessionEndedRequest
FN:5,init
FNF:2
FNH:2
FNDA:1,SessionEndedRequest
FNDA:1,init
DA:1,1
DA:3,1
DA:6,1
DA:7,1
LF:4
LH:4
BRF:0
BRH:0
end_of_record
TN:
SF:/Users/venkat/proj/repos/alexpress/lib/request/index.coffee
FN:3,request
FNF:1
FNH:1
FNDA:25,request
DA:1,1
DA:3,1
DA:4,25
DA:6,1
DA:8,1
LF:5
LH:5
BRF:0
BRH:0
end_of_record
TN:
SF:/Users/venkat/proj/repos/alexpress/lib/response/Response.coffee
FN:10,Response
FN:12,constructor
FN:38,getter
FN:39,setter
FN:41,local
FN:46,session
FN:57,simpleCard
FN:63,standardCard
FN:71,linkAccountCard
FN:75,renderSimpleCard
FN:77,(anonymous_1)
FN:81,renderStandardCard
FN:90,(anonymous_2)
FN:94,ask
FN:96,renderAsk
FN:98,tell
FN:100,renderTell
FN:102,ssml
FN:104,plainText
FN:106,renderReprompt
FN:108,(anonymous_3)
FN:112,send
FN:117,render
FN:125,(anonymous_4)
FN:129,end
FN:132,(anonymous_5)
FN:136,toObject
FN:149,doRender
FN:154,(anonymous_6)
FNF:29
FNH:20
FNDA:1,Response
FNDA:25,constructor
FNDA:13,getter
FNDA:33,setter
FNDA:0,local
FNDA:2,session
FNDA:1,simpleCard
FNDA:1,standardCard
FNDA:1,linkAccountCard
FNDA:0,renderSimpleCard
FNDA:0,(anonymous_1)
FNDA:0,renderStandardCard
FNDA:0,(anonymous_2)
FNDA:6,ask
FNDA:1,renderAsk
FNDA:2,tell
FNDA:1,renderTell
FNDA:0,ssml
FNDA:0,plainText
FNDA:0,renderReprompt
FNDA:0,(anonymous_3)
FNDA:20,send
FNDA:5,render
FNDA:4,(anonymous_4)
FNDA:20,end
FNDA:20,(anonymous_5)
FNDA:27,toObject
FNDA:5,doRender
FNDA:1,(anonymous_6)
DA:1,1
DA:2,1
DA:3,1
DA:4,1
DA:5,1
DA:6,1
DA:7,1
DA:8,1
DA:10,1
DA:13,25
DA:14,25
DA:16,25
DA:21,25
DA:22,50
DA:24,25
DA:26,25
DA:28,25
DA:29,25
DA:30,25
DA:31,25
DA:32,25
DA:33,25
DA:35,25
DA:38,13
DA:39,33
DA:42,0
DA:43,0
DA:44,0
DA:47,2
DA:48,2
DA:49,2
DA:50,2
DA:52,0
DA:53,0
DA:54,0
DA:55,0
DA:58,1
DA:64,1
DA:72,1
DA:76,0
DA:78,0
DA:79,0
DA:82,0
DA:83,0
DA:84,0
DA:85,0
DA:86,0
DA:87,0
DA:89,0
DA:91,0
DA:92,0
DA:94,6
DA:96,1
DA:98,2
DA:100,1
DA:102,0
DA:104,0
DA:107,0
DA:109,0
DA:110,0
DA:113,20
DA:114,20
DA:115,20
DA:118,5
DA:119,5
DA:120,5
DA:122,5
DA:124,5
DA:126,4
DA:130,20
DA:133,20
DA:137,27
DA:138,27
DA:139,27
DA:141,27
DA:142,2
DA:143,2
DA:145,27
DA:147,27
DA:150,5
DA:151,5
DA:152,5
DA:153,5
DA:155,1
DA:156,1
LF:85
LH:61
BRDA:42,1,0,0
BRDA:42,1,1,0
BRDA:48,2,0,2
BRDA:48,2,1,0
BRDA:53,3,0,0
BRDA:53,3,1,0
BRDA:54,4,0,0
BRDA:54,4,1,0
BRDA:82,5,0,0
BRDA:82,5,1,0
BRDA:85,6,0,0
BRDA:85,6,1,0
BRDA:113,7,0,2
BRDA:113,7,1,18
BRDA:114,8,0,17
BRDA:114,8,1,3
BRDA:118,9,0,5
BRDA:118,9,1,0
BRDA:122,10,0,0
BRDA:122,10,1,5
BRDA:139,11,0,17
BRDA:139,11,1,10
BRDA:141,12,0,2
BRDA:141,12,1,25
BRDA:145,13,0,3
BRDA:145,13,1,24
BRF:26
BRH:13
end_of_record
TN:
SF:/Users/venkat/proj/repos/alexpress/lib/response/index.coffee
FN:3,response
FNF:1
FNH:1
FNDA:25,response
DA:1,1
DA:3,1
DA:4,25
DA:6,1
DA:8,1
LF:5
LH:5
BRF:0
BRH:0
end_of_record
TN:
SF:/Users/venkat/proj/repos/alexpress/lib/util/BaseObject.coffee
FN:3,BaseObject
FN:5,constructor
FN:9,init
FN:11,(anonymous_1)
FN:12,this
FN:17,isValid
FN:19,toObject
FNF:7
FNH:7
FNDA:1,BaseObject
FNDA:36,constructor
FNDA:35,init
FNDA:37,(anonymous_1)
FNDA:25,this
FNDA:1,isValid
FNDA:26,toObject
DA:1,1
DA:3,1
DA:6,36
DA:7,36
DA:10,35
DA:11,37
DA:12,37
DA:13,25
DA:14,25
DA:15,25
DA:17,1
DA:20,26
LF:12
LH:12
BRDA:13,1,0,0
BRDA:13,1,1,25
BRF:2
BRH:1
end_of_record
TN:
SF:/Users/venkat/proj/repos/alexpress/lib/util/TypedClass.coffee
FN:4,TypedClass
FN:6,this
FNF:2
FNH:2
FNDA:1,TypedClass
FNDA:61,this
DA:1,1
DA:2,1
DA:4,1
DA:7,61
DA:8,61
DA:9,61
DA:11,61
DA:12,61
DA:13,61
LF:9
LH:9
BRDA:7,1,0,0
BRDA:7,1,1,61
BRDA:8,2,0,0
BRDA:8,2,1,61
BRDA:9,3,0,0
BRDA:9,3,1,61
BRF:6
BRH:3
end_of_record
TN:
SF:/Users/venkat/proj/repos/alexpress/lib/util/dfs.coffee
FNF:0
FNH:0
DA:1,1
DA:2,1
DA:4,1
DA:9,1
DA:10,1
DA:11,31
DA:13,1
LF:7
LH:7
BRDA:11,1,0,31
BRDA:11,1,1,0
BRF:2
BRH:1
end_of_record
TN:
SF:/Users/venkat/proj/repos/alexpress/lib/util/errors.coffee
FN:8,Throw
FN:9,if
FN:10,unless
FNF:3
FNH:0
FNDA:0,Throw
FNDA:0,if
FNDA:0,unless
DA:1,1
DA:3,1
DA:8,1
DA:9,0
DA:10,0
DA:12,1
LF:6
LH:4
BRDA:9,1,0,0
BRDA:9,1,1,0
BRDA:10,2,0,0
BRDA:10,2,1,0
BRF:4
BRH:0
end_of_record
TN:
SF:/Users/venkat/proj/repos/alexpress/lib/util/exists.coffee
FN:3,module
FN:5,(anonymous_1)
FN:10,(anonymous_2)
FNF:3
FNH:3
FNDA:7,module
FNDA:5,(anonymous_1)
FNDA:2,(anonymous_2)
DA:1,1
DA:3,1
DA:4,7
DA:6,5
DA:7,5
DA:8,5
DA:9,0
DA:11,2
DA:12,0
LF:9
LH:7
BRDA:6,1,0,0
BRDA:6,1,1,5
BRDA:7,2,0,5
BRDA:7,2,1,0
BRDA:8,3,0,5
BRDA:8,3,1,0
BRDA:11,4,0,2
BRDA:11,4,1,0
BRF:8
BRH:4
end_of_record
TN:
SF:/Users/venkat/proj/repos/alexpress/lib/util/log.coffee
FN:1,replacer
FN:5,module
FN:5,(anonymous_1)
FNF:3
FNH:1
FNDA:0,replacer
FNDA:2,module
FNDA:0,(anonymous_1)
DA:1,1
DA:2,0
DA:3,0
DA:5,2
DA:6,0
DA:7,0
DA:9,0
LF:7
LH:2
BRDA:2,1,0,0
BRDA:2,1,1,0
BRDA:7,2,0,0
BRDA:7,2,1,0
BRF:4
BRH:0
end_of_record
TN:
SF:/Users/venkat/proj/repos/alexpress/lib/util/makeProps.coffee
FN:1,module
FN:3,(anonymous_1)
FN:5,obj
FNF:3
FNH:0
FNDA:0,module
FNDA:0,(anonymous_1)
FNDA:0,obj
DA:1,0
DA:2,0
DA:3,0
DA:4,0
DA:5,0
DA:6,0
DA:7,0
DA:8,0
DA:9,0
DA:10,0
DA:11,0
LF:11
LH:0
BRDA:7,1,0,0
BRDA:7,1,1,0
BRDA:8,2,0,0
BRDA:8,2,1,0
BRDA:10,3,0,0
BRDA:10,3,1,0
BRF:6
BRH:0
end_of_record
TN:
SF:/Users/venkat/proj/repos/alexpress/lib/util/nodeify-lambda-context.coffee
FN:1,module
FN:1,(anonymous_1)
FNF:2
FNH:0
FNDA:0,module
FNDA:0,(anonymous_1)
DA:1,1
DA:2,0
DA:3,0
DA:4,0
LF:4
LH:1
BRDA:2,1,0,0
BRDA:2,1,1,0
BRDA:3,2,0,0
BRDA:3,2,1,0
BRF:4
BRH:0
end_of_record
TN:
SF:/Users/venkat/proj/repos/alexpress/lib/util/pfind.coffee
FN:1,module
FN:5,(anonymous_1)
FNF:2
FNH:2
FNDA:6,module
FNDA:6,(anonymous_1)
DA:1,1
DA:2,6
DA:3,6
DA:4,6
DA:6,6
DA:7,1
DA:8,1
LF:7
LH:7
BRDA:6,1,0,5
BRDA:6,1,1,1
BRDA:7,2,0,0
BRDA:7,2,1,1
BRF:4
BRH:3
end_of_record
TN:
SF:/Users/venkat/proj/repos/alexpress/lib/util/prop.coffee
FN:1,module
FN:5,(anonymous_1)
FN:6,(anonymous_2)
FN:10,obj
FNF:4
FNH:4
FNDA:175,module
FNDA:141,(anonymous_1)
FNDA:97,(anonymous_2)
FNDA:154,obj
DA:1,1
DA:2,175
DA:3,175
DA:4,175
DA:5,175
DA:6,175
DA:8,175
DA:10,175
DA:11,154
DA:12,154
DA:13,39
DA:14,30
DA:15,30
DA:16,39
LF:14
LH:14
BRDA:2,1,0,0
BRDA:2,1,1,175
BRDA:8,2,0,100
BRDA:8,2,1,75
BRDA:12,3,0,115
BRDA:12,3,1,39
BRDA:13,4,0,30
BRDA:13,4,1,9
BRDA:15,5,0,30
BRDA:15,5,1,0
BRF:10
BRH:8
end_of_record
TN:
SF:/Users/venkat/proj/repos/alexpress/lib/util/renderer.coffee
FN:15,Renderer
FN:17,constructor
FN:21,loadfile
FN:24,load
FN:26,(anonymous_1)
FN:29,(anonymous_2)
FN:32,findTemplate
FN:34,ex
FN:35,test
FN:37,(anonymous_3)
FN:41,render
FN:42,(anonymous_4)
FN:47,renderer
FNF:13
FNH:12
FNDA:1,Renderer
FNDA:6,constructor
FNDA:0,loadfile
FNDA:6,load
FNDA:5,(anonymous_1)
FNDA:5,(anonymous_2)
FNDA:6,findTemplate
FNDA:7,ex
FNDA:6,test
FNDA:6,(anonymous_3)
FNDA:6,render
FNDA:5,(anonymous_4)
FNDA:6,renderer
DA:1,1
DA:2,1
DA:3,1
DA:4,1
DA:5,1
DA:6,1
DA:7,1
DA:8,1
DA:10,1
DA:11,1
DA:15,1
DA:18,6
DA:19,6
DA:22,0
DA:25,6
DA:27,5
DA:28,5
DA:30,5
DA:33,6
DA:34,7
DA:35,6
DA:36,6
DA:38,6
DA:39,5
DA:42,6
DA:43,5
DA:44,5
DA:45,5
DA:47,1
DA:48,6
DA:51,1
DA:53,1
LF:32
LH:31
BRDA:38,1,0,1
BRDA:38,1,1,5
BRF:2
BRH:2
end_of_record
TN:
SF:/Users/venkat/proj/repos/alexpress/lib/util/ssml.coffee
FN:3,fromStr
FN:15,cleanse
FNF:2
FNH:0
FNDA:0,fromStr
FNDA:0,cleanse
DA:1,0
DA:2,0
DA:5,0
DA:6,0
DA:8,0
DA:9,0
DA:12,0
DA:13,0
DA:17,0
LF:9
LH:0
BRDA:12,1,0,0
BRDA:12,1,1,0
BRF:2
BRH:0
end_of_record
TN:
SF:/Users/venkat/proj/repos/alexpress/lib/util/string.coffee
FN:1,capitalize
FN:4,endsWith
FN:7,trimEnd
FNF:3
FNH:3
FNDA:62,capitalize
FNDA:24,endsWith
FNDA:22,trimEnd
DA:1,1
DA:2,62
DA:4,1
DA:5,24
DA:7,1
DA:8,22
DA:10,1
LF:7
LH:7
BRDA:8,1,0,22
BRDA:8,1,1,0
BRF:2
BRH:1
end_of_record
